{
  "/Users/duytran/CareerProject/Wolt/delivery-fee-calculator/postcss.config.js": {
    "path": "/Users/duytran/CareerProject/Wolt/delivery-fee-calculator/postcss.config.js",
    "all": true,
    "statementMap": {
      "0": {
        "start": { "line": 1, "column": 0 },
        "end": { "line": 1, "column": 16 }
      },
      "1": {
        "start": { "line": 2, "column": 0 },
        "end": { "line": 2, "column": 12 }
      },
      "2": {
        "start": { "line": 3, "column": 0 },
        "end": { "line": 3, "column": 20 }
      },
      "3": {
        "start": { "line": 4, "column": 0 },
        "end": { "line": 4, "column": 21 }
      },
      "4": {
        "start": { "line": 5, "column": 0 },
        "end": { "line": 5, "column": 4 }
      },
      "5": {
        "start": { "line": 6, "column": 0 },
        "end": { "line": 6, "column": 2 }
      }
    },
    "s": { "0": 0, "1": 0, "2": 0, "3": 0, "4": 0, "5": 0 },
    "branchMap": {
      "0": {
        "type": "branch",
        "line": 1,
        "loc": {
          "start": { "line": 1, "column": 0 },
          "end": { "line": 6, "column": 2 }
        },
        "locations": [
          {
            "start": { "line": 1, "column": 0 },
            "end": { "line": 6, "column": 2 }
          }
        ]
      }
    },
    "b": { "0": [0] },
    "fnMap": {
      "0": {
        "name": "(empty-report)",
        "decl": {
          "start": { "line": 1, "column": 0 },
          "end": { "line": 6, "column": 2 }
        },
        "loc": {
          "start": { "line": 1, "column": 0 },
          "end": { "line": 6, "column": 2 }
        },
        "line": 1
      }
    },
    "f": { "0": 0 }
  },
  "/Users/duytran/CareerProject/Wolt/delivery-fee-calculator/tailwind.config.js": {
    "path": "/Users/duytran/CareerProject/Wolt/delivery-fee-calculator/tailwind.config.js",
    "all": true,
    "statementMap": {
      "0": {
        "start": { "line": 1, "column": 0 },
        "end": { "line": 1, "column": 43 }
      },
      "1": {
        "start": { "line": 2, "column": 0 },
        "end": { "line": 2, "column": 16 }
      },
      "2": {
        "start": { "line": 3, "column": 0 },
        "end": { "line": 3, "column": 58 }
      },
      "3": {
        "start": { "line": 4, "column": 0 },
        "end": { "line": 4, "column": 10 }
      },
      "4": {
        "start": { "line": 5, "column": 0 },
        "end": { "line": 5, "column": 13 }
      },
      "5": {
        "start": { "line": 6, "column": 0 },
        "end": { "line": 6, "column": 15 }
      },
      "6": {
        "start": { "line": 7, "column": 0 },
        "end": { "line": 7, "column": 31 }
      },
      "7": {
        "start": { "line": 8, "column": 0 },
        "end": { "line": 8, "column": 31 }
      },
      "8": {
        "start": { "line": 9, "column": 0 },
        "end": { "line": 9, "column": 27 }
      },
      "9": {
        "start": { "line": 10, "column": 0 },
        "end": { "line": 10, "column": 29 }
      },
      "10": {
        "start": { "line": 11, "column": 0 },
        "end": { "line": 11, "column": 8 }
      },
      "11": {
        "start": { "line": 12, "column": 0 },
        "end": { "line": 12, "column": 18 }
      },
      "12": {
        "start": { "line": 13, "column": 0 },
        "end": { "line": 13, "column": 49 }
      },
      "13": {
        "start": { "line": 14, "column": 0 },
        "end": { "line": 14, "column": 8 }
      },
      "14": {
        "start": { "line": 15, "column": 0 },
        "end": { "line": 15, "column": 6 }
      },
      "15": {
        "start": { "line": 16, "column": 0 },
        "end": { "line": 16, "column": 14 }
      },
      "16": {
        "start": { "line": 17, "column": 0 },
        "end": { "line": 17, "column": 23 }
      },
      "17": {
        "start": { "line": 18, "column": 0 },
        "end": { "line": 18, "column": 6 }
      },
      "18": {
        "start": { "line": 19, "column": 0 },
        "end": { "line": 19, "column": 4 }
      },
      "19": {
        "start": { "line": 20, "column": 0 },
        "end": { "line": 20, "column": 14 }
      },
      "20": {
        "start": { "line": 21, "column": 0 },
        "end": { "line": 21, "column": 2 }
      }
    },
    "s": {
      "0": 0,
      "1": 0,
      "2": 0,
      "3": 0,
      "4": 0,
      "5": 0,
      "6": 0,
      "7": 0,
      "8": 0,
      "9": 0,
      "10": 0,
      "11": 0,
      "12": 0,
      "13": 0,
      "14": 0,
      "15": 0,
      "16": 0,
      "17": 0,
      "18": 0,
      "19": 0,
      "20": 0
    },
    "branchMap": {
      "0": {
        "type": "branch",
        "line": 1,
        "loc": {
          "start": { "line": 1, "column": 0 },
          "end": { "line": 21, "column": 2 }
        },
        "locations": [
          {
            "start": { "line": 1, "column": 0 },
            "end": { "line": 21, "column": 2 }
          }
        ]
      }
    },
    "b": { "0": [0] },
    "fnMap": {
      "0": {
        "name": "(empty-report)",
        "decl": {
          "start": { "line": 1, "column": 0 },
          "end": { "line": 21, "column": 2 }
        },
        "loc": {
          "start": { "line": 1, "column": 0 },
          "end": { "line": 21, "column": 2 }
        },
        "line": 1
      }
    },
    "f": { "0": 0 }
  },
  "/Users/duytran/CareerProject/Wolt/delivery-fee-calculator/src/App.tsx": {
    "path": "/Users/duytran/CareerProject/Wolt/delivery-fee-calculator/src/App.tsx",
    "all": true,
    "statementMap": {
      "0": {
        "start": { "line": 1, "column": 0 },
        "end": { "line": 1, "column": 49 }
      },
      "1": {
        "start": { "line": 2, "column": 0 },
        "end": { "line": 2, "column": 41 }
      },
      "2": {
        "start": { "line": 3, "column": 0 },
        "end": { "line": 3, "column": 61 }
      },
      "3": {
        "start": { "line": 4, "column": 0 },
        "end": { "line": 4, "column": 65 }
      },
      "4": {
        "start": { "line": 5, "column": 0 },
        "end": { "line": 5, "column": 71 }
      },
      "5": {
        "start": { "line": 6, "column": 0 },
        "end": { "line": 6, "column": 85 }
      },
      "6": {
        "start": { "line": 7, "column": 0 },
        "end": { "line": 7, "column": 0 }
      },
      "7": {
        "start": { "line": 8, "column": 0 },
        "end": { "line": 8, "column": 16 }
      },
      "8": {
        "start": { "line": 9, "column": 0 },
        "end": { "line": 9, "column": 61 }
      },
      "9": {
        "start": { "line": 10, "column": 0 },
        "end": { "line": 10, "column": 36 }
      },
      "10": {
        "start": { "line": 11, "column": 0 },
        "end": { "line": 11, "column": 72 }
      },
      "11": {
        "start": { "line": 12, "column": 0 },
        "end": { "line": 12, "column": 0 }
      },
      "12": {
        "start": { "line": 13, "column": 0 },
        "end": { "line": 13, "column": 24 }
      },
      "13": {
        "start": { "line": 14, "column": 0 },
        "end": { "line": 14, "column": 63 }
      },
      "14": {
        "start": { "line": 15, "column": 0 },
        "end": { "line": 15, "column": 28 }
      },
      "15": {
        "start": { "line": 16, "column": 0 },
        "end": { "line": 16, "column": 0 }
      },
      "16": {
        "start": { "line": 17, "column": 0 },
        "end": { "line": 17, "column": 75 }
      },
      "17": {
        "start": { "line": 18, "column": 0 },
        "end": { "line": 18, "column": 44 }
      },
      "18": {
        "start": { "line": 19, "column": 0 },
        "end": { "line": 19, "column": 0 }
      },
      "19": {
        "start": { "line": 20, "column": 0 },
        "end": { "line": 20, "column": 10 }
      },
      "20": {
        "start": { "line": 21, "column": 0 },
        "end": { "line": 21, "column": 25 }
      },
      "21": {
        "start": { "line": 22, "column": 0 },
        "end": { "line": 22, "column": 88 }
      },
      "22": {
        "start": { "line": 23, "column": 0 },
        "end": { "line": 23, "column": 41 }
      },
      "23": {
        "start": { "line": 24, "column": 0 },
        "end": { "line": 24, "column": 95 }
      },
      "24": {
        "start": { "line": 25, "column": 0 },
        "end": { "line": 25, "column": 15 }
      },
      "25": {
        "start": { "line": 26, "column": 0 },
        "end": { "line": 26, "column": 29 }
      },
      "26": {
        "start": { "line": 27, "column": 0 },
        "end": { "line": 27, "column": 69 }
      },
      "27": {
        "start": { "line": 28, "column": 0 },
        "end": { "line": 28, "column": 41 }
      },
      "28": {
        "start": { "line": 29, "column": 0 },
        "end": { "line": 29, "column": 14 }
      },
      "29": {
        "start": { "line": 30, "column": 0 },
        "end": { "line": 30, "column": 16 }
      },
      "30": {
        "start": { "line": 31, "column": 0 },
        "end": { "line": 31, "column": 47 }
      },
      "31": {
        "start": { "line": 32, "column": 0 },
        "end": { "line": 32, "column": 22 }
      },
      "32": {
        "start": { "line": 33, "column": 0 },
        "end": { "line": 33, "column": 51 }
      },
      "33": {
        "start": { "line": 34, "column": 0 },
        "end": { "line": 34, "column": 32 }
      },
      "34": {
        "start": { "line": 35, "column": 0 },
        "end": { "line": 35, "column": 14 }
      },
      "35": {
        "start": { "line": 36, "column": 0 },
        "end": { "line": 36, "column": 18 }
      },
      "36": {
        "start": { "line": 37, "column": 0 },
        "end": { "line": 37, "column": 35 }
      },
      "37": {
        "start": { "line": 38, "column": 0 },
        "end": { "line": 38, "column": 19 }
      },
      "38": {
        "start": { "line": 39, "column": 0 },
        "end": { "line": 39, "column": 16 }
      },
      "39": {
        "start": { "line": 40, "column": 0 },
        "end": { "line": 40, "column": 14 }
      },
      "40": {
        "start": { "line": 41, "column": 0 },
        "end": { "line": 41, "column": 12 }
      },
      "41": {
        "start": { "line": 42, "column": 0 },
        "end": { "line": 42, "column": 10 }
      },
      "42": {
        "start": { "line": 43, "column": 0 },
        "end": { "line": 43, "column": 4 }
      },
      "43": {
        "start": { "line": 44, "column": 0 },
        "end": { "line": 44, "column": 1 }
      },
      "44": {
        "start": { "line": 45, "column": 0 },
        "end": { "line": 45, "column": 0 }
      },
      "45": {
        "start": { "line": 46, "column": 0 },
        "end": { "line": 46, "column": 19 }
      }
    },
    "s": {
      "0": 0,
      "1": 0,
      "2": 0,
      "3": 0,
      "4": 0,
      "5": 0,
      "6": 0,
      "7": 0,
      "8": 0,
      "9": 0,
      "10": 0,
      "11": 0,
      "12": 0,
      "13": 0,
      "14": 0,
      "15": 0,
      "16": 0,
      "17": 0,
      "18": 0,
      "19": 0,
      "20": 0,
      "21": 0,
      "22": 0,
      "23": 0,
      "24": 0,
      "25": 0,
      "26": 0,
      "27": 0,
      "28": 0,
      "29": 0,
      "30": 0,
      "31": 0,
      "32": 0,
      "33": 0,
      "34": 0,
      "35": 0,
      "36": 0,
      "37": 0,
      "38": 0,
      "39": 0,
      "40": 0,
      "41": 0,
      "42": 0,
      "43": 0,
      "44": 0,
      "45": 0
    },
    "branchMap": {
      "0": {
        "type": "branch",
        "line": 1,
        "loc": {
          "start": { "line": 1, "column": 0 },
          "end": { "line": 46, "column": 19 }
        },
        "locations": [
          {
            "start": { "line": 1, "column": 0 },
            "end": { "line": 46, "column": 19 }
          }
        ]
      }
    },
    "b": { "0": [0] },
    "fnMap": {
      "0": {
        "name": "(empty-report)",
        "decl": {
          "start": { "line": 1, "column": 0 },
          "end": { "line": 46, "column": 19 }
        },
        "loc": {
          "start": { "line": 1, "column": 0 },
          "end": { "line": 46, "column": 19 }
        },
        "line": 1
      }
    },
    "f": { "0": 0 }
  },
  "/Users/duytran/CareerProject/Wolt/delivery-fee-calculator/src/main.tsx": {
    "path": "/Users/duytran/CareerProject/Wolt/delivery-fee-calculator/src/main.tsx",
    "all": true,
    "statementMap": {
      "0": {
        "start": { "line": 1, "column": 0 },
        "end": { "line": 1, "column": 26 }
      },
      "1": {
        "start": { "line": 2, "column": 0 },
        "end": { "line": 2, "column": 40 }
      },
      "2": {
        "start": { "line": 3, "column": 0 },
        "end": { "line": 3, "column": 28 }
      },
      "3": {
        "start": { "line": 4, "column": 0 },
        "end": { "line": 4, "column": 21 }
      },
      "4": {
        "start": { "line": 5, "column": 0 },
        "end": { "line": 5, "column": 0 }
      },
      "5": {
        "start": { "line": 6, "column": 0 },
        "end": { "line": 6, "column": 61 }
      },
      "6": {
        "start": { "line": 7, "column": 0 },
        "end": { "line": 7, "column": 20 }
      },
      "7": {
        "start": { "line": 8, "column": 0 },
        "end": { "line": 8, "column": 11 }
      },
      "8": {
        "start": { "line": 9, "column": 0 },
        "end": { "line": 9, "column": 21 }
      },
      "9": {
        "start": { "line": 10, "column": 0 },
        "end": { "line": 10, "column": 2 }
      }
    },
    "s": {
      "0": 0,
      "1": 0,
      "2": 0,
      "3": 0,
      "4": 0,
      "5": 0,
      "6": 0,
      "7": 0,
      "8": 0,
      "9": 0
    },
    "branchMap": {
      "0": {
        "type": "branch",
        "line": 1,
        "loc": {
          "start": { "line": 1, "column": 0 },
          "end": { "line": 10, "column": 2 }
        },
        "locations": [
          {
            "start": { "line": 1, "column": 0 },
            "end": { "line": 10, "column": 2 }
          }
        ]
      }
    },
    "b": { "0": [0] },
    "fnMap": {
      "0": {
        "name": "(empty-report)",
        "decl": {
          "start": { "line": 1, "column": 0 },
          "end": { "line": 10, "column": 2 }
        },
        "loc": {
          "start": { "line": 1, "column": 0 },
          "end": { "line": 10, "column": 2 }
        },
        "line": 1
      }
    },
    "f": { "0": 0 }
  },
  "/Users/duytran/CareerProject/Wolt/delivery-fee-calculator/src/components/Button/Button.tsx": {
    "path": "/Users/duytran/CareerProject/Wolt/delivery-fee-calculator/src/components/Button/Button.tsx",
    "all": false,
    "statementMap": {
      "0": {
        "start": { "line": 1, "column": 0 },
        "end": { "line": 1, "column": 45 }
      },
      "1": {
        "start": { "line": 2, "column": 0 },
        "end": { "line": 2, "column": 41 }
      },
      "2": {
        "start": { "line": 3, "column": 0 },
        "end": { "line": 3, "column": 0 }
      },
      "3": {
        "start": { "line": 4, "column": 0 },
        "end": { "line": 4, "column": 72 }
      },
      "4": {
        "start": { "line": 5, "column": 0 },
        "end": { "line": 5, "column": 0 }
      },
      "5": {
        "start": { "line": 6, "column": 0 },
        "end": { "line": 6, "column": 62 }
      },
      "6": {
        "start": { "line": 7, "column": 0 },
        "end": { "line": 7, "column": 10 }
      },
      "7": {
        "start": { "line": 8, "column": 0 },
        "end": { "line": 8, "column": 11 }
      },
      "8": {
        "start": { "line": 9, "column": 0 },
        "end": { "line": 9, "column": 25 }
      },
      "9": {
        "start": { "line": 10, "column": 0 },
        "end": { "line": 10, "column": 18 }
      },
      "10": {
        "start": { "line": 11, "column": 0 },
        "end": { "line": 11, "column": 51 }
      },
      "11": {
        "start": { "line": 12, "column": 0 },
        "end": { "line": 12, "column": 8 }
      },
      "12": {
        "start": { "line": 13, "column": 0 },
        "end": { "line": 13, "column": 16 }
      },
      "13": {
        "start": { "line": 14, "column": 0 },
        "end": { "line": 14, "column": 6 }
      },
      "14": {
        "start": { "line": 15, "column": 0 },
        "end": { "line": 15, "column": 4 }
      },
      "15": {
        "start": { "line": 16, "column": 0 },
        "end": { "line": 16, "column": 1 }
      }
    },
    "s": {
      "0": 1,
      "1": 1,
      "2": 1,
      "3": 1,
      "4": 1,
      "5": 1,
      "6": 12,
      "7": 12,
      "8": 12,
      "9": 12,
      "10": 12,
      "11": 12,
      "12": 12,
      "13": 12,
      "14": 12,
      "15": 12
    },
    "branchMap": {
      "0": {
        "type": "branch",
        "line": 6,
        "loc": {
          "start": { "line": 6, "column": 7 },
          "end": { "line": 16, "column": 1 }
        },
        "locations": [
          {
            "start": { "line": 6, "column": 7 },
            "end": { "line": 16, "column": 1 }
          }
        ]
      }
    },
    "b": { "0": [12] },
    "fnMap": {
      "0": {
        "name": "Button",
        "decl": {
          "start": { "line": 6, "column": 7 },
          "end": { "line": 16, "column": 1 }
        },
        "loc": {
          "start": { "line": 6, "column": 7 },
          "end": { "line": 16, "column": 1 }
        },
        "line": 6
      }
    },
    "f": { "0": 12 }
  },
  "/Users/duytran/CareerProject/Wolt/delivery-fee-calculator/src/components/Button/index.ts": {
    "path": "/Users/duytran/CareerProject/Wolt/delivery-fee-calculator/src/components/Button/index.ts",
    "all": false,
    "statementMap": {
      "0": {
        "start": { "line": 1, "column": 0 },
        "end": { "line": 1, "column": 34 }
      }
    },
    "s": { "0": 1 },
    "branchMap": {},
    "b": {},
    "fnMap": {},
    "f": {}
  },
  "/Users/duytran/CareerProject/Wolt/delivery-fee-calculator/src/components/Card/Card.tsx": {
    "path": "/Users/duytran/CareerProject/Wolt/delivery-fee-calculator/src/components/Card/Card.tsx",
    "all": false,
    "statementMap": {
      "0": {
        "start": { "line": 1, "column": 0 },
        "end": { "line": 1, "column": 26 }
      },
      "1": {
        "start": { "line": 2, "column": 0 },
        "end": { "line": 2, "column": 41 }
      },
      "2": {
        "start": { "line": 3, "column": 0 },
        "end": { "line": 3, "column": 62 }
      },
      "3": {
        "start": { "line": 4, "column": 0 },
        "end": { "line": 4, "column": 0 }
      },
      "4": {
        "start": { "line": 5, "column": 0 },
        "end": { "line": 5, "column": 58 }
      },
      "5": {
        "start": { "line": 6, "column": 0 },
        "end": { "line": 6, "column": 10 }
      },
      "6": {
        "start": { "line": 7, "column": 0 },
        "end": { "line": 7, "column": 8 }
      },
      "7": {
        "start": { "line": 8, "column": 0 },
        "end": { "line": 8, "column": 26 }
      },
      "8": {
        "start": { "line": 9, "column": 0 },
        "end": { "line": 9, "column": 80 }
      },
      "9": {
        "start": { "line": 10, "column": 0 },
        "end": { "line": 10, "column": 16 }
      },
      "10": {
        "start": { "line": 11, "column": 0 },
        "end": { "line": 11, "column": 6 }
      },
      "11": {
        "start": { "line": 12, "column": 0 },
        "end": { "line": 12, "column": 4 }
      },
      "12": {
        "start": { "line": 13, "column": 0 },
        "end": { "line": 13, "column": 1 }
      }
    },
    "s": {
      "0": 1,
      "1": 1,
      "2": 1,
      "3": 1,
      "4": 1,
      "5": 19,
      "6": 19,
      "7": 19,
      "8": 19,
      "9": 19,
      "10": 19,
      "11": 19,
      "12": 19
    },
    "branchMap": {
      "0": {
        "type": "branch",
        "line": 5,
        "loc": {
          "start": { "line": 5, "column": 7 },
          "end": { "line": 13, "column": 1 }
        },
        "locations": [
          {
            "start": { "line": 5, "column": 7 },
            "end": { "line": 13, "column": 1 }
          }
        ]
      }
    },
    "b": { "0": [19] },
    "fnMap": {
      "0": {
        "name": "Card",
        "decl": {
          "start": { "line": 5, "column": 7 },
          "end": { "line": 13, "column": 1 }
        },
        "loc": {
          "start": { "line": 5, "column": 7 },
          "end": { "line": 13, "column": 1 }
        },
        "line": 5
      }
    },
    "f": { "0": 19 }
  },
  "/Users/duytran/CareerProject/Wolt/delivery-fee-calculator/src/components/Card/index.ts": {
    "path": "/Users/duytran/CareerProject/Wolt/delivery-fee-calculator/src/components/Card/index.ts",
    "all": false,
    "statementMap": {
      "0": {
        "start": { "line": 1, "column": 0 },
        "end": { "line": 1, "column": 30 }
      }
    },
    "s": { "0": 1 },
    "branchMap": {},
    "b": {},
    "fnMap": {},
    "f": {}
  },
  "/Users/duytran/CareerProject/Wolt/delivery-fee-calculator/src/components/FeeResult/FeeResult.tsx": {
    "path": "/Users/duytran/CareerProject/Wolt/delivery-fee-calculator/src/components/FeeResult/FeeResult.tsx",
    "all": false,
    "statementMap": {
      "0": {
        "start": { "line": 1, "column": 0 },
        "end": { "line": 1, "column": 75 }
      },
      "1": {
        "start": { "line": 2, "column": 0 },
        "end": { "line": 2, "column": 31 }
      },
      "2": {
        "start": { "line": 3, "column": 0 },
        "end": { "line": 3, "column": 45 }
      },
      "3": {
        "start": { "line": 4, "column": 0 },
        "end": { "line": 4, "column": 75 }
      },
      "4": {
        "start": { "line": 5, "column": 0 },
        "end": { "line": 5, "column": 0 }
      },
      "5": {
        "start": { "line": 6, "column": 0 },
        "end": { "line": 6, "column": 30 }
      },
      "6": {
        "start": { "line": 7, "column": 0 },
        "end": { "line": 7, "column": 61 }
      },
      "7": {
        "start": { "line": 8, "column": 0 },
        "end": { "line": 8, "column": 0 }
      },
      "8": {
        "start": { "line": 9, "column": 0 },
        "end": { "line": 9, "column": 26 }
      },
      "9": {
        "start": { "line": 10, "column": 0 },
        "end": { "line": 10, "column": 37 }
      },
      "10": {
        "start": { "line": 11, "column": 0 },
        "end": { "line": 11, "column": 35 }
      },
      "11": {
        "start": { "line": 12, "column": 0 },
        "end": { "line": 12, "column": 1 }
      },
      "12": {
        "start": { "line": 13, "column": 0 },
        "end": { "line": 13, "column": 0 }
      },
      "13": {
        "start": { "line": 14, "column": 0 },
        "end": { "line": 14, "column": 69 }
      },
      "14": {
        "start": { "line": 15, "column": 0 },
        "end": { "line": 15, "column": 10 }
      },
      "15": {
        "start": { "line": 16, "column": 0 },
        "end": { "line": 16, "column": 42 }
      },
      "16": {
        "start": { "line": 17, "column": 0 },
        "end": { "line": 17, "column": 33 }
      },
      "17": {
        "start": { "line": 18, "column": 0 },
        "end": { "line": 18, "column": 33 }
      },
      "18": {
        "start": { "line": 19, "column": 0 },
        "end": { "line": 19, "column": 10 }
      },
      "19": {
        "start": { "line": 20, "column": 0 },
        "end": { "line": 20, "column": 15 }
      },
      "20": {
        "start": { "line": 21, "column": 0 },
        "end": { "line": 21, "column": 35 }
      },
      "21": {
        "start": { "line": 22, "column": 0 },
        "end": { "line": 22, "column": 55 }
      },
      "22": {
        "start": { "line": 23, "column": 0 },
        "end": { "line": 23, "column": 52 }
      },
      "23": {
        "start": { "line": 24, "column": 0 },
        "end": { "line": 24, "column": 71 }
      },
      "24": {
        "start": { "line": 25, "column": 0 },
        "end": { "line": 25, "column": 18 }
      },
      "25": {
        "start": { "line": 26, "column": 0 },
        "end": { "line": 26, "column": 59 }
      },
      "26": {
        "start": { "line": 27, "column": 0 },
        "end": { "line": 27, "column": 65 }
      },
      "27": {
        "start": { "line": 28, "column": 0 },
        "end": { "line": 28, "column": 18 }
      },
      "28": {
        "start": { "line": 29, "column": 0 },
        "end": { "line": 29, "column": 56 }
      },
      "29": {
        "start": { "line": 30, "column": 0 },
        "end": { "line": 30, "column": 68 }
      },
      "30": {
        "start": { "line": 31, "column": 0 },
        "end": { "line": 31, "column": 18 }
      },
      "31": {
        "start": { "line": 32, "column": 0 },
        "end": { "line": 32, "column": 52 }
      },
      "32": {
        "start": { "line": 33, "column": 0 },
        "end": { "line": 33, "column": 118 }
      },
      "33": {
        "start": { "line": 34, "column": 0 },
        "end": { "line": 34, "column": 18 }
      },
      "34": {
        "start": { "line": 35, "column": 0 },
        "end": { "line": 35, "column": 18 }
      },
      "35": {
        "start": { "line": 36, "column": 0 },
        "end": { "line": 36, "column": 16 }
      },
      "36": {
        "start": { "line": 37, "column": 0 },
        "end": { "line": 37, "column": 36 }
      },
      "37": {
        "start": { "line": 38, "column": 0 },
        "end": { "line": 38, "column": 36 }
      },
      "38": {
        "start": { "line": 39, "column": 0 },
        "end": { "line": 39, "column": 15 }
      },
      "39": {
        "start": { "line": 40, "column": 0 },
        "end": { "line": 40, "column": 33 }
      },
      "40": {
        "start": { "line": 41, "column": 0 },
        "end": { "line": 41, "column": 107 }
      },
      "41": {
        "start": { "line": 42, "column": 0 },
        "end": { "line": 42, "column": 13 }
      },
      "42": {
        "start": { "line": 43, "column": 0 },
        "end": { "line": 43, "column": 51 }
      },
      "43": {
        "start": { "line": 44, "column": 0 },
        "end": { "line": 44, "column": 17 }
      },
      "44": {
        "start": { "line": 45, "column": 0 },
        "end": { "line": 45, "column": 24 }
      },
      "45": {
        "start": { "line": 46, "column": 0 },
        "end": { "line": 46, "column": 39 }
      },
      "46": {
        "start": { "line": 47, "column": 0 },
        "end": { "line": 47, "column": 26 }
      },
      "47": {
        "start": { "line": 48, "column": 0 },
        "end": { "line": 48, "column": 62 }
      },
      "48": {
        "start": { "line": 49, "column": 0 },
        "end": { "line": 49, "column": 59 }
      },
      "49": {
        "start": { "line": 50, "column": 0 },
        "end": { "line": 50, "column": 75 }
      },
      "50": {
        "start": { "line": 51, "column": 0 },
        "end": { "line": 51, "column": 21 }
      },
      "51": {
        "start": { "line": 52, "column": 0 },
        "end": { "line": 52, "column": 21 }
      },
      "52": {
        "start": { "line": 53, "column": 0 },
        "end": { "line": 53, "column": 15 }
      },
      "53": {
        "start": { "line": 54, "column": 0 },
        "end": { "line": 54, "column": 13 }
      },
      "54": {
        "start": { "line": 55, "column": 0 },
        "end": { "line": 55, "column": 24 }
      },
      "55": {
        "start": { "line": 56, "column": 0 },
        "end": { "line": 56, "column": 26 }
      },
      "56": {
        "start": { "line": 57, "column": 0 },
        "end": { "line": 57, "column": 16 }
      },
      "57": {
        "start": { "line": 58, "column": 0 },
        "end": { "line": 58, "column": 11 }
      },
      "58": {
        "start": { "line": 59, "column": 0 },
        "end": { "line": 59, "column": 11 }
      },
      "59": {
        "start": { "line": 60, "column": 0 },
        "end": { "line": 60, "column": 65 }
      },
      "60": {
        "start": { "line": 61, "column": 0 },
        "end": { "line": 61, "column": 27 }
      },
      "61": {
        "start": { "line": 62, "column": 0 },
        "end": { "line": 62, "column": 14 }
      },
      "62": {
        "start": { "line": 63, "column": 0 },
        "end": { "line": 63, "column": 8 }
      },
      "63": {
        "start": { "line": 64, "column": 0 },
        "end": { "line": 64, "column": 11 }
      },
      "64": {
        "start": { "line": 65, "column": 0 },
        "end": { "line": 65, "column": 4 }
      },
      "65": {
        "start": { "line": 66, "column": 0 },
        "end": { "line": 66, "column": 1 }
      },
      "66": {
        "start": { "line": 67, "column": 0 },
        "end": { "line": 67, "column": 0 }
      },
      "67": {
        "start": { "line": 68, "column": 0 },
        "end": { "line": 68, "column": 18 }
      },
      "68": {
        "start": { "line": 69, "column": 0 },
        "end": { "line": 69, "column": 6 }
      },
      "69": {
        "start": { "line": 70, "column": 0 },
        "end": { "line": 70, "column": 14 }
      },
      "70": {
        "start": { "line": 71, "column": 0 },
        "end": { "line": 71, "column": 15 }
      },
      "71": {
        "start": { "line": 72, "column": 0 },
        "end": { "line": 72, "column": 23 }
      },
      "72": {
        "start": { "line": 73, "column": 0 },
        "end": { "line": 73, "column": 38 }
      },
      "73": {
        "start": { "line": 74, "column": 0 },
        "end": { "line": 74, "column": 3 }
      },
      "74": {
        "start": { "line": 75, "column": 0 },
        "end": { "line": 75, "column": 67 }
      },
      "75": {
        "start": { "line": 76, "column": 0 },
        "end": { "line": 76, "column": 9 }
      },
      "76": {
        "start": { "line": 77, "column": 0 },
        "end": { "line": 77, "column": 24 }
      },
      "77": {
        "start": { "line": 78, "column": 0 },
        "end": { "line": 78, "column": 24 }
      },
      "78": {
        "start": { "line": 79, "column": 0 },
        "end": { "line": 79, "column": 131 }
      },
      "79": {
        "start": { "line": 80, "column": 0 },
        "end": { "line": 80, "column": 12 }
      },
      "80": {
        "start": { "line": 81, "column": 0 },
        "end": { "line": 81, "column": 8 }
      },
      "81": {
        "start": { "line": 82, "column": 0 },
        "end": { "line": 82, "column": 2 }
      }
    },
    "s": {
      "0": 1,
      "1": 1,
      "2": 1,
      "3": 1,
      "4": 1,
      "5": 1,
      "6": 1,
      "7": 1,
      "8": 1,
      "9": 1,
      "10": 1,
      "11": 1,
      "12": 1,
      "13": 1,
      "14": 7,
      "15": 7,
      "16": 7,
      "17": 7,
      "18": 5,
      "19": 5,
      "20": 5,
      "21": 5,
      "22": 5,
      "23": 5,
      "24": 5,
      "25": 5,
      "26": 5,
      "27": 5,
      "28": 5,
      "29": 5,
      "30": 5,
      "31": 5,
      "32": 5,
      "33": 5,
      "34": 5,
      "35": 5,
      "36": 5,
      "37": 5,
      "38": 5,
      "39": 5,
      "40": 5,
      "41": 5,
      "42": 5,
      "43": 5,
      "44": 5,
      "45": 5,
      "46": 5,
      "47": 5,
      "48": 5,
      "49": 10,
      "50": 5,
      "51": 5,
      "52": 5,
      "53": 5,
      "54": 5,
      "55": 5,
      "56": 5,
      "57": 5,
      "58": 2,
      "59": 2,
      "60": 2,
      "61": 2,
      "62": 7,
      "63": 7,
      "64": 7,
      "65": 7,
      "66": 1,
      "67": 1,
      "68": 1,
      "69": 1,
      "70": 1,
      "71": 1,
      "72": 1,
      "73": 1,
      "74": 1,
      "75": 1,
      "76": 1,
      "77": 1,
      "78": 1,
      "79": 1,
      "80": 1,
      "81": 1
    },
    "branchMap": {
      "0": {
        "type": "branch",
        "line": 14,
        "loc": {
          "start": { "line": 14, "column": 7 },
          "end": { "line": 66, "column": 1 }
        },
        "locations": [
          {
            "start": { "line": 14, "column": 7 },
            "end": { "line": 66, "column": 1 }
          }
        ]
      },
      "1": {
        "type": "branch",
        "line": 18,
        "loc": {
          "start": { "line": 18, "column": 7 },
          "end": { "line": 18, "column": 33 }
        },
        "locations": [
          {
            "start": { "line": 18, "column": 7 },
            "end": { "line": 18, "column": 33 }
          }
        ]
      },
      "2": {
        "type": "branch",
        "line": 18,
        "loc": {
          "start": { "line": 18, "column": 17 },
          "end": { "line": 58, "column": 11 }
        },
        "locations": [
          {
            "start": { "line": 18, "column": 17 },
            "end": { "line": 58, "column": 11 }
          }
        ]
      },
      "3": {
        "type": "branch",
        "line": 58,
        "loc": {
          "start": { "line": 58, "column": 8 },
          "end": { "line": 62, "column": 14 }
        },
        "locations": [
          {
            "start": { "line": 58, "column": 8 },
            "end": { "line": 62, "column": 14 }
          }
        ]
      },
      "4": {
        "type": "branch",
        "line": 49,
        "loc": {
          "start": { "line": 49, "column": 45 },
          "end": { "line": 50, "column": 75 }
        },
        "locations": [
          {
            "start": { "line": 49, "column": 45 },
            "end": { "line": 50, "column": 75 }
          }
        ]
      }
    },
    "b": { "0": [7], "1": [5], "2": [5], "3": [2], "4": [10] },
    "fnMap": {
      "0": {
        "name": "FeeResult",
        "decl": {
          "start": { "line": 14, "column": 7 },
          "end": { "line": 66, "column": 1 }
        },
        "loc": {
          "start": { "line": 14, "column": 7 },
          "end": { "line": 66, "column": 1 }
        },
        "line": 14
      }
    },
    "f": { "0": 7 }
  },
  "/Users/duytran/CareerProject/Wolt/delivery-fee-calculator/src/components/FeeResult/index.ts": {
    "path": "/Users/duytran/CareerProject/Wolt/delivery-fee-calculator/src/components/FeeResult/index.ts",
    "all": true,
    "statementMap": {
      "0": {
        "start": { "line": 1, "column": 0 },
        "end": { "line": 1, "column": 40 }
      }
    },
    "s": { "0": 0 },
    "branchMap": {
      "0": {
        "type": "branch",
        "line": 1,
        "loc": {
          "start": { "line": 1, "column": 0 },
          "end": { "line": 1, "column": 40 }
        },
        "locations": [
          {
            "start": { "line": 1, "column": 0 },
            "end": { "line": 1, "column": 40 }
          }
        ]
      }
    },
    "b": { "0": [0] },
    "fnMap": {
      "0": {
        "name": "(empty-report)",
        "decl": {
          "start": { "line": 1, "column": 0 },
          "end": { "line": 1, "column": 40 }
        },
        "loc": {
          "start": { "line": 1, "column": 0 },
          "end": { "line": 1, "column": 40 }
        },
        "line": 1
      }
    },
    "f": { "0": 0 }
  },
  "/Users/duytran/CareerProject/Wolt/delivery-fee-calculator/src/components/InfoTooltip/InfoTooltip.tsx": {
    "path": "/Users/duytran/CareerProject/Wolt/delivery-fee-calculator/src/components/InfoTooltip/InfoTooltip.tsx",
    "all": false,
    "statementMap": {
      "0": {
        "start": { "line": 1, "column": 0 },
        "end": { "line": 1, "column": 34 }
      },
      "1": {
        "start": { "line": 2, "column": 0 },
        "end": { "line": 2, "column": 41 }
      },
      "2": {
        "start": { "line": 3, "column": 0 },
        "end": { "line": 3, "column": 0 }
      },
      "3": {
        "start": { "line": 4, "column": 0 },
        "end": { "line": 4, "column": 68 }
      },
      "4": {
        "start": { "line": 5, "column": 0 },
        "end": { "line": 5, "column": 24 }
      },
      "5": {
        "start": { "line": 6, "column": 0 },
        "end": { "line": 6, "column": 1 }
      },
      "6": {
        "start": { "line": 7, "column": 0 },
        "end": { "line": 7, "column": 0 }
      },
      "7": {
        "start": { "line": 8, "column": 0 },
        "end": { "line": 8, "column": 29 }
      },
      "8": {
        "start": { "line": 9, "column": 0 },
        "end": { "line": 9, "column": 12 }
      },
      "9": {
        "start": { "line": 10, "column": 0 },
        "end": { "line": 10, "column": 11 }
      },
      "10": {
        "start": { "line": 11, "column": 0 },
        "end": { "line": 11, "column": 13 }
      },
      "11": {
        "start": { "line": 12, "column": 0 },
        "end": { "line": 12, "column": 10 }
      },
      "12": {
        "start": { "line": 13, "column": 0 },
        "end": { "line": 13, "column": 22 }
      },
      "13": {
        "start": { "line": 14, "column": 0 },
        "end": { "line": 14, "column": 10 }
      },
      "14": {
        "start": { "line": 15, "column": 0 },
        "end": { "line": 15, "column": 30 }
      },
      "15": {
        "start": { "line": 16, "column": 0 },
        "end": { "line": 16, "column": 10 }
      },
      "16": {
        "start": { "line": 17, "column": 0 },
        "end": { "line": 17, "column": 20 }
      },
      "17": {
        "start": { "line": 18, "column": 0 },
        "end": { "line": 18, "column": 27 }
      },
      "18": {
        "start": { "line": 19, "column": 0 },
        "end": { "line": 19, "column": 20 }
      },
      "19": {
        "start": { "line": 20, "column": 0 },
        "end": { "line": 20, "column": 78 }
      },
      "20": {
        "start": { "line": 21, "column": 0 },
        "end": { "line": 21, "column": 10 }
      },
      "21": {
        "start": { "line": 22, "column": 0 },
        "end": { "line": 22, "column": 18 }
      },
      "22": {
        "start": { "line": 23, "column": 0 },
        "end": { "line": 23, "column": 7 }
      },
      "23": {
        "start": { "line": 24, "column": 0 },
        "end": { "line": 24, "column": 18 }
      },
      "24": {
        "start": { "line": 25, "column": 0 },
        "end": { "line": 25, "column": 12 }
      },
      "25": {
        "start": { "line": 26, "column": 0 },
        "end": { "line": 26, "column": 10 }
      },
      "26": {
        "start": { "line": 27, "column": 0 },
        "end": { "line": 27, "column": 31 }
      },
      "27": {
        "start": { "line": 28, "column": 0 },
        "end": { "line": 28, "column": 226 }
      },
      "28": {
        "start": { "line": 29, "column": 0 },
        "end": { "line": 29, "column": 7 }
      },
      "29": {
        "start": { "line": 30, "column": 0 },
        "end": { "line": 30, "column": 20 }
      },
      "30": {
        "start": { "line": 31, "column": 0 },
        "end": { "line": 31, "column": 12 }
      },
      "31": {
        "start": { "line": 32, "column": 0 },
        "end": { "line": 32, "column": 10 }
      },
      "32": {
        "start": { "line": 33, "column": 0 },
        "end": { "line": 33, "column": 4 }
      },
      "33": {
        "start": { "line": 34, "column": 0 },
        "end": { "line": 34, "column": 1 }
      }
    },
    "s": {
      "0": 1,
      "1": 1,
      "2": 1,
      "3": 1,
      "4": 1,
      "5": 1,
      "6": 1,
      "7": 1,
      "8": 11,
      "9": 11,
      "10": 11,
      "11": 11,
      "12": 11,
      "13": 11,
      "14": 11,
      "15": 11,
      "16": 11,
      "17": 11,
      "18": 11,
      "19": 11,
      "20": 11,
      "21": 11,
      "22": 11,
      "23": 11,
      "24": 11,
      "25": 11,
      "26": 11,
      "27": 11,
      "28": 11,
      "29": 11,
      "30": 11,
      "31": 11,
      "32": 11,
      "33": 11
    },
    "branchMap": {
      "0": {
        "type": "branch",
        "line": 8,
        "loc": {
          "start": { "line": 8, "column": 7 },
          "end": { "line": 34, "column": 1 }
        },
        "locations": [
          {
            "start": { "line": 8, "column": 7 },
            "end": { "line": 34, "column": 1 }
          }
        ]
      }
    },
    "b": { "0": [11] },
    "fnMap": {
      "0": {
        "name": "InfoTooltip",
        "decl": {
          "start": { "line": 8, "column": 7 },
          "end": { "line": 34, "column": 1 }
        },
        "loc": {
          "start": { "line": 8, "column": 7 },
          "end": { "line": 34, "column": 1 }
        },
        "line": 8
      }
    },
    "f": { "0": 11 }
  },
  "/Users/duytran/CareerProject/Wolt/delivery-fee-calculator/src/components/InfoTooltip/index.ts": {
    "path": "/Users/duytran/CareerProject/Wolt/delivery-fee-calculator/src/components/InfoTooltip/index.ts",
    "all": false,
    "statementMap": {
      "0": {
        "start": { "line": 1, "column": 0 },
        "end": { "line": 1, "column": 44 }
      }
    },
    "s": { "0": 1 },
    "branchMap": {},
    "b": {},
    "fnMap": {},
    "f": {}
  },
  "/Users/duytran/CareerProject/Wolt/delivery-fee-calculator/src/components/InputField/InputField.tsx": {
    "path": "/Users/duytran/CareerProject/Wolt/delivery-fee-calculator/src/components/InputField/InputField.tsx",
    "all": false,
    "statementMap": {
      "0": {
        "start": { "line": 1, "column": 0 },
        "end": { "line": 1, "column": 66 }
      },
      "1": {
        "start": { "line": 2, "column": 0 },
        "end": { "line": 2, "column": 41 }
      },
      "2": {
        "start": { "line": 3, "column": 0 },
        "end": { "line": 3, "column": 0 }
      },
      "3": {
        "start": { "line": 4, "column": 0 },
        "end": { "line": 4, "column": 73 }
      },
      "4": {
        "start": { "line": 5, "column": 0 },
        "end": { "line": 5, "column": 16 }
      },
      "5": {
        "start": { "line": 6, "column": 0 },
        "end": { "line": 6, "column": 24 }
      },
      "6": {
        "start": { "line": 7, "column": 0 },
        "end": { "line": 7, "column": 1 }
      },
      "7": {
        "start": { "line": 8, "column": 0 },
        "end": { "line": 8, "column": 0 }
      },
      "8": {
        "start": { "line": 9, "column": 0 },
        "end": { "line": 9, "column": 72 }
      },
      "9": {
        "start": { "line": 10, "column": 0 },
        "end": { "line": 10, "column": 3 }
      },
      "10": {
        "start": { "line": 11, "column": 0 },
        "end": { "line": 11, "column": 5 }
      },
      "11": {
        "start": { "line": 12, "column": 0 },
        "end": { "line": 12, "column": 12 }
      },
      "12": {
        "start": { "line": 13, "column": 0 },
        "end": { "line": 13, "column": 15 }
      },
      "13": {
        "start": { "line": 14, "column": 0 },
        "end": { "line": 14, "column": 19 }
      },
      "14": {
        "start": { "line": 15, "column": 0 },
        "end": { "line": 15, "column": 19 }
      },
      "15": {
        "start": { "line": 16, "column": 0 },
        "end": { "line": 16, "column": 16 }
      },
      "16": {
        "start": { "line": 17, "column": 0 },
        "end": { "line": 17, "column": 14 }
      },
      "17": {
        "start": { "line": 18, "column": 0 },
        "end": { "line": 18, "column": 23 }
      },
      "18": {
        "start": { "line": 19, "column": 0 },
        "end": { "line": 19, "column": 7 }
      },
      "19": {
        "start": { "line": 20, "column": 0 },
        "end": { "line": 20, "column": 8 }
      },
      "20": {
        "start": { "line": 21, "column": 0 },
        "end": { "line": 21, "column": 61 }
      },
      "21": {
        "start": { "line": 22, "column": 0 },
        "end": { "line": 22, "column": 0 }
      },
      "22": {
        "start": { "line": 23, "column": 0 },
        "end": { "line": 23, "column": 69 }
      },
      "23": {
        "start": { "line": 24, "column": 0 },
        "end": { "line": 24, "column": 47 }
      },
      "24": {
        "start": { "line": 25, "column": 0 },
        "end": { "line": 25, "column": 21 }
      },
      "25": {
        "start": { "line": 26, "column": 0 },
        "end": { "line": 26, "column": 20 }
      },
      "26": {
        "start": { "line": 27, "column": 0 },
        "end": { "line": 27, "column": 7 }
      },
      "27": {
        "start": { "line": 28, "column": 0 },
        "end": { "line": 28, "column": 6 }
      },
      "28": {
        "start": { "line": 29, "column": 0 },
        "end": { "line": 29, "column": 0 }
      },
      "29": {
        "start": { "line": 30, "column": 0 },
        "end": { "line": 30, "column": 80 }
      },
      "30": {
        "start": { "line": 31, "column": 0 },
        "end": { "line": 31, "column": 33 }
      },
      "31": {
        "start": { "line": 32, "column": 0 },
        "end": { "line": 32, "column": 30 }
      },
      "32": {
        "start": { "line": 33, "column": 0 },
        "end": { "line": 33, "column": 30 }
      },
      "33": {
        "start": { "line": 34, "column": 0 },
        "end": { "line": 34, "column": 38 }
      },
      "34": {
        "start": { "line": 35, "column": 0 },
        "end": { "line": 35, "column": 66 }
      },
      "35": {
        "start": { "line": 36, "column": 0 },
        "end": { "line": 36, "column": 0 }
      },
      "36": {
        "start": { "line": 37, "column": 0 },
        "end": { "line": 37, "column": 12 }
      },
      "37": {
        "start": { "line": 38, "column": 0 },
        "end": { "line": 38, "column": 11 }
      },
      "38": {
        "start": { "line": 39, "column": 0 },
        "end": { "line": 39, "column": 74 }
      },
      "39": {
        "start": { "line": 40, "column": 0 },
        "end": { "line": 40, "column": 16 }
      },
      "40": {
        "start": { "line": 41, "column": 0 },
        "end": { "line": 41, "column": 21 }
      },
      "41": {
        "start": { "line": 42, "column": 0 },
        "end": { "line": 42, "column": 35 }
      },
      "42": {
        "start": { "line": 43, "column": 0 },
        "end": { "line": 43, "column": 39 }
      },
      "43": {
        "start": { "line": 44, "column": 0 },
        "end": { "line": 44, "column": 31 }
      },
      "44": {
        "start": { "line": 45, "column": 0 },
        "end": { "line": 45, "column": 24 }
      },
      "45": {
        "start": { "line": 46, "column": 0 },
        "end": { "line": 46, "column": 234 }
      },
      "46": {
        "start": { "line": 47, "column": 0 },
        "end": { "line": 47, "column": 14 }
      },
      "47": {
        "start": { "line": 48, "column": 0 },
        "end": { "line": 48, "column": 22 }
      },
      "48": {
        "start": { "line": 49, "column": 0 },
        "end": { "line": 49, "column": 12 }
      },
      "49": {
        "start": { "line": 50, "column": 0 },
        "end": { "line": 50, "column": 16 }
      },
      "50": {
        "start": { "line": 51, "column": 0 },
        "end": { "line": 51, "column": 109 }
      },
      "51": {
        "start": { "line": 52, "column": 0 },
        "end": { "line": 52, "column": 97 }
      },
      "52": {
        "start": { "line": 53, "column": 0 },
        "end": { "line": 53, "column": 61 }
      },
      "53": {
        "start": { "line": 54, "column": 0 },
        "end": { "line": 54, "column": 11 }
      },
      "54": {
        "start": { "line": 55, "column": 0 },
        "end": { "line": 55, "column": 11 }
      },
      "55": {
        "start": { "line": 56, "column": 0 },
        "end": { "line": 56, "column": 19 }
      },
      "56": {
        "start": { "line": 57, "column": 0 },
        "end": { "line": 57, "column": 18 }
      },
      "57": {
        "start": { "line": 58, "column": 0 },
        "end": { "line": 58, "column": 14 }
      },
      "58": {
        "start": { "line": 59, "column": 0 },
        "end": { "line": 59, "column": 25 }
      },
      "59": {
        "start": { "line": 60, "column": 0 },
        "end": { "line": 60, "column": 12 }
      },
      "60": {
        "start": { "line": 61, "column": 0 },
        "end": { "line": 61, "column": 40 }
      },
      "61": {
        "start": { "line": 62, "column": 0 },
        "end": { "line": 62, "column": 58 }
      },
      "62": {
        "start": { "line": 63, "column": 0 },
        "end": { "line": 63, "column": 11 }
      },
      "63": {
        "start": { "line": 64, "column": 0 },
        "end": { "line": 64, "column": 26 }
      },
      "64": {
        "start": { "line": 65, "column": 0 },
        "end": { "line": 65, "column": 14 }
      },
      "65": {
        "start": { "line": 66, "column": 0 },
        "end": { "line": 66, "column": 17 }
      },
      "66": {
        "start": { "line": 67, "column": 0 },
        "end": { "line": 67, "column": 12 }
      },
      "67": {
        "start": { "line": 68, "column": 0 },
        "end": { "line": 68, "column": 6 }
      },
      "68": {
        "start": { "line": 69, "column": 0 },
        "end": { "line": 69, "column": 3 }
      },
      "69": {
        "start": { "line": 70, "column": 0 },
        "end": { "line": 70, "column": 2 }
      }
    },
    "s": {
      "0": 1,
      "1": 1,
      "2": 1,
      "3": 1,
      "4": 1,
      "5": 1,
      "6": 1,
      "7": 1,
      "8": 1,
      "9": 1,
      "10": 49,
      "11": 49,
      "12": 49,
      "13": 49,
      "14": 49,
      "15": 49,
      "16": 49,
      "17": 49,
      "18": 49,
      "19": 49,
      "20": 49,
      "21": 49,
      "22": 49,
      "23": 16,
      "24": 16,
      "25": 15,
      "26": 15,
      "27": 16,
      "28": 49,
      "29": 49,
      "30": 49,
      "31": 49,
      "32": 49,
      "33": 49,
      "34": 49,
      "35": 49,
      "36": 49,
      "37": 49,
      "38": 49,
      "39": 49,
      "40": 49,
      "41": 49,
      "42": 49,
      "43": 49,
      "44": 49,
      "45": 49,
      "46": 49,
      "47": 49,
      "48": 49,
      "49": 49,
      "50": 49,
      "51": 49,
      "52": 49,
      "53": 49,
      "54": 49,
      "55": 49,
      "56": 49,
      "57": 49,
      "58": 49,
      "59": 6,
      "60": 6,
      "61": 6,
      "62": 6,
      "63": 6,
      "64": 6,
      "65": 43,
      "66": 49,
      "67": 49,
      "68": 49,
      "69": 1
    },
    "branchMap": {
      "0": {
        "type": "branch",
        "line": 10,
        "loc": {
          "start": { "line": 10, "column": 2 },
          "end": { "line": 69, "column": 3 }
        },
        "locations": [
          {
            "start": { "line": 10, "column": 2 },
            "end": { "line": 69, "column": 3 }
          }
        ]
      },
      "1": {
        "type": "branch",
        "line": 35,
        "loc": {
          "start": { "line": 35, "column": 32 },
          "end": { "line": 35, "column": 66 }
        },
        "locations": [
          {
            "start": { "line": 35, "column": 32 },
            "end": { "line": 35, "column": 66 }
          }
        ]
      },
      "2": {
        "type": "branch",
        "line": 53,
        "loc": {
          "start": { "line": 53, "column": 10 },
          "end": { "line": 53, "column": 61 }
        },
        "locations": [
          {
            "start": { "line": 53, "column": 10 },
            "end": { "line": 53, "column": 61 }
          }
        ]
      },
      "3": {
        "type": "branch",
        "line": 59,
        "loc": {
          "start": { "line": 59, "column": 9 },
          "end": { "line": 65, "column": 14 }
        },
        "locations": [
          {
            "start": { "line": 59, "column": 9 },
            "end": { "line": 65, "column": 14 }
          }
        ]
      },
      "4": {
        "type": "branch",
        "line": 65,
        "loc": {
          "start": { "line": 65, "column": 10 },
          "end": { "line": 66, "column": 17 }
        },
        "locations": [
          {
            "start": { "line": 65, "column": 10 },
            "end": { "line": 66, "column": 17 }
          }
        ]
      },
      "5": {
        "type": "branch",
        "line": 23,
        "loc": {
          "start": { "line": 23, "column": 25 },
          "end": { "line": 28, "column": 6 }
        },
        "locations": [
          {
            "start": { "line": 23, "column": 25 },
            "end": { "line": 28, "column": 6 }
          }
        ]
      },
      "6": {
        "type": "branch",
        "line": 25,
        "loc": {
          "start": { "line": 25, "column": 20 },
          "end": { "line": 27, "column": 7 }
        },
        "locations": [
          {
            "start": { "line": 25, "column": 20 },
            "end": { "line": 27, "column": 7 }
          }
        ]
      }
    },
    "b": {
      "0": [49],
      "1": [28],
      "2": [28],
      "3": [6],
      "4": [43],
      "5": [16],
      "6": [15]
    },
    "fnMap": {
      "0": {
        "name": "handleChange",
        "decl": {
          "start": { "line": 23, "column": 25 },
          "end": { "line": 28, "column": 6 }
        },
        "loc": {
          "start": { "line": 23, "column": 25 },
          "end": { "line": 28, "column": 6 }
        },
        "line": 23
      }
    },
    "f": { "0": 16 }
  },
  "/Users/duytran/CareerProject/Wolt/delivery-fee-calculator/src/components/InputField/index.ts": {
    "path": "/Users/duytran/CareerProject/Wolt/delivery-fee-calculator/src/components/InputField/index.ts",
    "all": false,
    "statementMap": {
      "0": {
        "start": { "line": 1, "column": 0 },
        "end": { "line": 1, "column": 42 }
      }
    },
    "s": { "0": 1 },
    "branchMap": {},
    "b": {},
    "fnMap": {},
    "f": {}
  },
  "/Users/duytran/CareerProject/Wolt/delivery-fee-calculator/src/components/OrderDetailsForm/OrderDetailsForm.tsx": {
    "path": "/Users/duytran/CareerProject/Wolt/delivery-fee-calculator/src/components/OrderDetailsForm/OrderDetailsForm.tsx",
    "all": false,
    "statementMap": {
      "0": {
        "start": { "line": 1, "column": 0 },
        "end": { "line": 1, "column": 43 }
      },
      "1": {
        "start": { "line": 2, "column": 0 },
        "end": { "line": 2, "column": 27 }
      },
      "2": {
        "start": { "line": 3, "column": 0 },
        "end": { "line": 3, "column": 54 }
      },
      "3": {
        "start": { "line": 4, "column": 0 },
        "end": { "line": 4, "column": 57 }
      },
      "4": {
        "start": { "line": 5, "column": 0 },
        "end": { "line": 5, "column": 35 }
      },
      "5": {
        "start": { "line": 6, "column": 0 },
        "end": { "line": 6, "column": 8 }
      },
      "6": {
        "start": { "line": 7, "column": 0 },
        "end": { "line": 7, "column": 26 }
      },
      "7": {
        "start": { "line": 8, "column": 0 },
        "end": { "line": 8, "column": 23 }
      },
      "8": {
        "start": { "line": 9, "column": 0 },
        "end": { "line": 9, "column": 42 }
      },
      "9": {
        "start": { "line": 10, "column": 0 },
        "end": { "line": 10, "column": 31 }
      },
      "10": {
        "start": { "line": 11, "column": 0 },
        "end": { "line": 11, "column": 0 }
      },
      "11": {
        "start": { "line": 12, "column": 0 },
        "end": { "line": 12, "column": 33 }
      },
      "12": {
        "start": { "line": 13, "column": 0 },
        "end": { "line": 13, "column": 74 }
      },
      "13": {
        "start": { "line": 14, "column": 0 },
        "end": { "line": 14, "column": 58 }
      },
      "14": {
        "start": { "line": 15, "column": 0 },
        "end": { "line": 15, "column": 1 }
      },
      "15": {
        "start": { "line": 16, "column": 0 },
        "end": { "line": 16, "column": 0 }
      },
      "16": {
        "start": { "line": 17, "column": 0 },
        "end": { "line": 17, "column": 35 }
      },
      "17": {
        "start": { "line": 18, "column": 0 },
        "end": { "line": 18, "column": 20 }
      },
      "18": {
        "start": { "line": 19, "column": 0 },
        "end": { "line": 19, "column": 27 }
      },
      "19": {
        "start": { "line": 20, "column": 0 },
        "end": { "line": 20, "column": 24 }
      },
      "20": {
        "start": { "line": 21, "column": 0 },
        "end": { "line": 21, "column": 18 }
      },
      "21": {
        "start": { "line": 22, "column": 0 },
        "end": { "line": 22, "column": 2 }
      },
      "22": {
        "start": { "line": 23, "column": 0 },
        "end": { "line": 23, "column": 0 }
      },
      "23": {
        "start": { "line": 24, "column": 0 },
        "end": { "line": 24, "column": 34 }
      },
      "24": {
        "start": { "line": 25, "column": 0 },
        "end": { "line": 25, "column": 29 }
      },
      "25": {
        "start": { "line": 26, "column": 0 },
        "end": { "line": 26, "column": 15 }
      },
      "26": {
        "start": { "line": 27, "column": 0 },
        "end": { "line": 27, "column": 27 }
      },
      "27": {
        "start": { "line": 28, "column": 0 },
        "end": { "line": 28, "column": 47 }
      },
      "28": {
        "start": { "line": 29, "column": 0 },
        "end": { "line": 29, "column": 27 }
      },
      "29": {
        "start": { "line": 30, "column": 0 },
        "end": { "line": 30, "column": 63 }
      },
      "30": {
        "start": { "line": 31, "column": 0 },
        "end": { "line": 31, "column": 42 }
      },
      "31": {
        "start": { "line": 32, "column": 0 },
        "end": { "line": 32, "column": 57 }
      },
      "32": {
        "start": { "line": 33, "column": 0 },
        "end": { "line": 33, "column": 34 }
      },
      "33": {
        "start": { "line": 34, "column": 0 },
        "end": { "line": 34, "column": 63 }
      },
      "34": {
        "start": { "line": 35, "column": 0 },
        "end": { "line": 35, "column": 49 }
      },
      "35": {
        "start": { "line": 36, "column": 0 },
        "end": { "line": 36, "column": 63 }
      },
      "36": {
        "start": { "line": 37, "column": 0 },
        "end": { "line": 37, "column": 60 }
      },
      "37": {
        "start": { "line": 38, "column": 0 },
        "end": { "line": 38, "column": 31 }
      },
      "38": {
        "start": { "line": 39, "column": 0 },
        "end": { "line": 39, "column": 63 }
      },
      "39": {
        "start": { "line": 40, "column": 0 },
        "end": { "line": 40, "column": 47 }
      },
      "40": {
        "start": { "line": 41, "column": 0 },
        "end": { "line": 41, "column": 61 }
      },
      "41": {
        "start": { "line": 42, "column": 0 },
        "end": { "line": 42, "column": 58 }
      },
      "42": {
        "start": { "line": 43, "column": 0 },
        "end": { "line": 43, "column": 25 }
      },
      "43": {
        "start": { "line": 44, "column": 0 },
        "end": { "line": 44, "column": 35 }
      },
      "44": {
        "start": { "line": 45, "column": 0 },
        "end": { "line": 45, "column": 54 }
      },
      "45": {
        "start": { "line": 46, "column": 0 },
        "end": { "line": 46, "column": 8 }
      },
      "46": {
        "start": { "line": 47, "column": 0 },
        "end": { "line": 47, "column": 46 }
      },
      "47": {
        "start": { "line": 48, "column": 0 },
        "end": { "line": 48, "column": 5 }
      },
      "48": {
        "start": { "line": 49, "column": 0 },
        "end": { "line": 49, "column": 0 }
      },
      "49": {
        "start": { "line": 50, "column": 0 },
        "end": { "line": 50, "column": 9 }
      },
      "50": {
        "start": { "line": 51, "column": 0 },
        "end": { "line": 51, "column": 17 }
      },
      "51": {
        "start": { "line": 52, "column": 0 },
        "end": { "line": 52, "column": 13 }
      },
      "52": {
        "start": { "line": 53, "column": 0 },
        "end": { "line": 53, "column": 26 }
      },
      "53": {
        "start": { "line": 54, "column": 0 },
        "end": { "line": 54, "column": 36 }
      },
      "54": {
        "start": { "line": 55, "column": 0 },
        "end": { "line": 55, "column": 16 }
      },
      "55": {
        "start": { "line": 56, "column": 0 },
        "end": { "line": 56, "column": 44 }
      },
      "56": {
        "start": { "line": 57, "column": 0 },
        "end": { "line": 57, "column": 31 }
      },
      "57": {
        "start": { "line": 58, "column": 0 },
        "end": { "line": 58, "column": 5 }
      },
      "58": {
        "start": { "line": 59, "column": 0 },
        "end": { "line": 59, "column": 0 }
      },
      "59": {
        "start": { "line": 60, "column": 0 },
        "end": { "line": 60, "column": 66 }
      },
      "60": {
        "start": { "line": 61, "column": 0 },
        "end": { "line": 61, "column": 45 }
      },
      "61": {
        "start": { "line": 62, "column": 0 },
        "end": { "line": 62, "column": 37 }
      },
      "62": {
        "start": { "line": 63, "column": 0 },
        "end": { "line": 63, "column": 4 }
      },
      "63": {
        "start": { "line": 64, "column": 0 },
        "end": { "line": 64, "column": 0 }
      },
      "64": {
        "start": { "line": 65, "column": 0 },
        "end": { "line": 65, "column": 10 }
      },
      "65": {
        "start": { "line": 66, "column": 0 },
        "end": { "line": 66, "column": 43 }
      },
      "66": {
        "start": { "line": 67, "column": 0 },
        "end": { "line": 67, "column": 32 }
      },
      "67": {
        "start": { "line": 68, "column": 0 },
        "end": { "line": 68, "column": 0 }
      },
      "68": {
        "start": { "line": 69, "column": 0 },
        "end": { "line": 69, "column": 11 }
      },
      "69": {
        "start": { "line": 70, "column": 0 },
        "end": { "line": 70, "column": 18 }
      },
      "70": {
        "start": { "line": 71, "column": 0 },
        "end": { "line": 71, "column": 39 }
      },
      "71": {
        "start": { "line": 72, "column": 0 },
        "end": { "line": 72, "column": 41 }
      },
      "72": {
        "start": { "line": 73, "column": 0 },
        "end": { "line": 73, "column": 7 }
      },
      "73": {
        "start": { "line": 74, "column": 0 },
        "end": { "line": 74, "column": 19 }
      },
      "74": {
        "start": { "line": 75, "column": 0 },
        "end": { "line": 75, "column": 36 }
      },
      "75": {
        "start": { "line": 76, "column": 0 },
        "end": { "line": 76, "column": 50 }
      },
      "76": {
        "start": { "line": 77, "column": 0 },
        "end": { "line": 77, "column": 33 }
      },
      "77": {
        "start": { "line": 78, "column": 0 },
        "end": { "line": 78, "column": 34 }
      },
      "78": {
        "start": { "line": 79, "column": 0 },
        "end": { "line": 79, "column": 23 }
      },
      "79": {
        "start": { "line": 80, "column": 0 },
        "end": { "line": 80, "column": 20 }
      },
      "80": {
        "start": { "line": 81, "column": 0 },
        "end": { "line": 81, "column": 10 }
      },
      "81": {
        "start": { "line": 82, "column": 0 },
        "end": { "line": 82, "column": 19 }
      },
      "82": {
        "start": { "line": 83, "column": 0 },
        "end": { "line": 83, "column": 43 }
      },
      "83": {
        "start": { "line": 84, "column": 0 },
        "end": { "line": 84, "column": 57 }
      },
      "84": {
        "start": { "line": 85, "column": 0 },
        "end": { "line": 85, "column": 40 }
      },
      "85": {
        "start": { "line": 86, "column": 0 },
        "end": { "line": 86, "column": 43 }
      },
      "86": {
        "start": { "line": 87, "column": 0 },
        "end": { "line": 87, "column": 23 }
      },
      "87": {
        "start": { "line": 88, "column": 0 },
        "end": { "line": 88, "column": 19 }
      },
      "88": {
        "start": { "line": 89, "column": 0 },
        "end": { "line": 89, "column": 10 }
      },
      "89": {
        "start": { "line": 90, "column": 0 },
        "end": { "line": 90, "column": 19 }
      },
      "90": {
        "start": { "line": 91, "column": 0 },
        "end": { "line": 91, "column": 40 }
      },
      "91": {
        "start": { "line": 92, "column": 0 },
        "end": { "line": 92, "column": 54 }
      },
      "92": {
        "start": { "line": 93, "column": 0 },
        "end": { "line": 93, "column": 37 }
      },
      "93": {
        "start": { "line": 94, "column": 0 },
        "end": { "line": 94, "column": 33 }
      },
      "94": {
        "start": { "line": 95, "column": 0 },
        "end": { "line": 95, "column": 23 }
      },
      "95": {
        "start": { "line": 96, "column": 0 },
        "end": { "line": 96, "column": 10 }
      },
      "96": {
        "start": { "line": 97, "column": 0 },
        "end": { "line": 97, "column": 19 }
      },
      "97": {
        "start": { "line": 98, "column": 0 },
        "end": { "line": 98, "column": 36 }
      },
      "98": {
        "start": { "line": 99, "column": 0 },
        "end": { "line": 99, "column": 50 }
      },
      "99": {
        "start": { "line": 100, "column": 0 },
        "end": { "line": 100, "column": 33 }
      },
      "100": {
        "start": { "line": 101, "column": 0 },
        "end": { "line": 101, "column": 22 }
      },
      "101": {
        "start": { "line": 102, "column": 0 },
        "end": { "line": 102, "column": 31 }
      },
      "102": {
        "start": { "line": 103, "column": 0 },
        "end": { "line": 103, "column": 34 }
      },
      "103": {
        "start": { "line": 104, "column": 0 },
        "end": { "line": 104, "column": 10 }
      },
      "104": {
        "start": { "line": 105, "column": 0 },
        "end": { "line": 105, "column": 47 }
      },
      "105": {
        "start": { "line": 106, "column": 0 },
        "end": { "line": 106, "column": 23 }
      },
      "106": {
        "start": { "line": 107, "column": 0 },
        "end": { "line": 107, "column": 17 }
      },
      "107": {
        "start": { "line": 108, "column": 0 },
        "end": { "line": 108, "column": 13 }
      },
      "108": {
        "start": { "line": 109, "column": 0 },
        "end": { "line": 109, "column": 11 }
      },
      "109": {
        "start": { "line": 110, "column": 0 },
        "end": { "line": 110, "column": 4 }
      },
      "110": {
        "start": { "line": 111, "column": 0 },
        "end": { "line": 111, "column": 1 }
      }
    },
    "s": {
      "0": 1,
      "1": 1,
      "2": 1,
      "3": 1,
      "4": 1,
      "5": 1,
      "6": 1,
      "7": 1,
      "8": 1,
      "9": 1,
      "10": 1,
      "11": 1,
      "12": 1,
      "13": 1,
      "14": 1,
      "15": 1,
      "16": 1,
      "17": 1,
      "18": 1,
      "19": 1,
      "20": 1,
      "21": 1,
      "22": 1,
      "23": 1,
      "24": 8,
      "25": 8,
      "26": 8,
      "27": 8,
      "28": 8,
      "29": 8,
      "30": 8,
      "31": 8,
      "32": 8,
      "33": 8,
      "34": 8,
      "35": 8,
      "36": 8,
      "37": 8,
      "38": 8,
      "39": 8,
      "40": 8,
      "41": 8,
      "42": 8,
      "43": 8,
      "44": 23,
      "45": 8,
      "46": 8,
      "47": 8,
      "48": 8,
      "49": 8,
      "50": 8,
      "51": 8,
      "52": 8,
      "53": 8,
      "54": 8,
      "55": 8,
      "56": 8,
      "57": 8,
      "58": 8,
      "59": 8,
      "60": 1,
      "61": 1,
      "62": 1,
      "63": 8,
      "64": 8,
      "65": 8,
      "66": 8,
      "67": 8,
      "68": 8,
      "69": 8,
      "70": 8,
      "71": 8,
      "72": 8,
      "73": 8,
      "74": 8,
      "75": 8,
      "76": 8,
      "77": 8,
      "78": 8,
      "79": 8,
      "80": 8,
      "81": 8,
      "82": 8,
      "83": 8,
      "84": 8,
      "85": 8,
      "86": 8,
      "87": 8,
      "88": 8,
      "89": 8,
      "90": 8,
      "91": 8,
      "92": 8,
      "93": 8,
      "94": 8,
      "95": 8,
      "96": 8,
      "97": 8,
      "98": 8,
      "99": 8,
      "100": 8,
      "101": 8,
      "102": 8,
      "103": 8,
      "104": 8,
      "105": 8,
      "106": 8,
      "107": 8,
      "108": 8,
      "109": 8,
      "110": 8
    },
    "branchMap": {
      "0": {
        "type": "branch",
        "line": 24,
        "loc": {
          "start": { "line": 24, "column": 7 },
          "end": { "line": 111, "column": 1 }
        },
        "locations": [
          {
            "start": { "line": 24, "column": 7 },
            "end": { "line": 111, "column": 1 }
          }
        ]
      },
      "1": {
        "type": "branch",
        "line": 76,
        "loc": {
          "start": { "line": 76, "column": 31 },
          "end": { "line": 76, "column": 50 }
        },
        "locations": [
          {
            "start": { "line": 76, "column": 31 },
            "end": { "line": 76, "column": 50 }
          }
        ]
      },
      "2": {
        "type": "branch",
        "line": 84,
        "loc": {
          "start": { "line": 84, "column": 31 },
          "end": { "line": 84, "column": 57 }
        },
        "locations": [
          {
            "start": { "line": 84, "column": 31 },
            "end": { "line": 84, "column": 57 }
          }
        ]
      },
      "3": {
        "type": "branch",
        "line": 92,
        "loc": {
          "start": { "line": 92, "column": 31 },
          "end": { "line": 92, "column": 54 }
        },
        "locations": [
          {
            "start": { "line": 92, "column": 31 },
            "end": { "line": 92, "column": 54 }
          }
        ]
      },
      "4": {
        "type": "branch",
        "line": 99,
        "loc": {
          "start": { "line": 99, "column": 31 },
          "end": { "line": 99, "column": 50 }
        },
        "locations": [
          {
            "start": { "line": 99, "column": 31 },
            "end": { "line": 99, "column": 50 }
          }
        ]
      },
      "5": {
        "type": "branch",
        "line": 30,
        "loc": {
          "start": { "line": 30, "column": 17 },
          "end": { "line": 30, "column": 62 }
        },
        "locations": [
          {
            "start": { "line": 30, "column": 17 },
            "end": { "line": 30, "column": 62 }
          }
        ]
      },
      "6": {
        "type": "branch",
        "line": 30,
        "loc": {
          "start": { "line": 30, "column": 40 },
          "end": { "line": 30, "column": 56 }
        },
        "locations": [
          {
            "start": { "line": 30, "column": 40 },
            "end": { "line": 30, "column": 56 }
          }
        ]
      },
      "7": {
        "type": "branch",
        "line": 30,
        "loc": {
          "start": { "line": 30, "column": 44 },
          "end": { "line": 30, "column": 62 }
        },
        "locations": [
          {
            "start": { "line": 30, "column": 44 },
            "end": { "line": 30, "column": 62 }
          }
        ]
      },
      "8": {
        "type": "branch",
        "line": 34,
        "loc": {
          "start": { "line": 34, "column": 17 },
          "end": { "line": 34, "column": 62 }
        },
        "locations": [
          {
            "start": { "line": 34, "column": 17 },
            "end": { "line": 34, "column": 62 }
          }
        ]
      },
      "9": {
        "type": "branch",
        "line": 34,
        "loc": {
          "start": { "line": 34, "column": 40 },
          "end": { "line": 34, "column": 56 }
        },
        "locations": [
          {
            "start": { "line": 34, "column": 40 },
            "end": { "line": 34, "column": 56 }
          }
        ]
      },
      "10": {
        "type": "branch",
        "line": 34,
        "loc": {
          "start": { "line": 34, "column": 44 },
          "end": { "line": 34, "column": 62 }
        },
        "locations": [
          {
            "start": { "line": 34, "column": 44 },
            "end": { "line": 34, "column": 62 }
          }
        ]
      },
      "11": {
        "type": "branch",
        "line": 39,
        "loc": {
          "start": { "line": 39, "column": 17 },
          "end": { "line": 39, "column": 62 }
        },
        "locations": [
          {
            "start": { "line": 39, "column": 17 },
            "end": { "line": 39, "column": 62 }
          }
        ]
      },
      "12": {
        "type": "branch",
        "line": 39,
        "loc": {
          "start": { "line": 39, "column": 40 },
          "end": { "line": 39, "column": 56 }
        },
        "locations": [
          {
            "start": { "line": 39, "column": 40 },
            "end": { "line": 39, "column": 56 }
          }
        ]
      },
      "13": {
        "type": "branch",
        "line": 39,
        "loc": {
          "start": { "line": 39, "column": 44 },
          "end": { "line": 39, "column": 62 }
        },
        "locations": [
          {
            "start": { "line": 39, "column": 44 },
            "end": { "line": 39, "column": 62 }
          }
        ]
      },
      "14": {
        "type": "branch",
        "line": 44,
        "loc": {
          "start": { "line": 44, "column": 17 },
          "end": { "line": 46, "column": 7 }
        },
        "locations": [
          {
            "start": { "line": 44, "column": 17 },
            "end": { "line": 46, "column": 7 }
          }
        ]
      },
      "15": {
        "type": "branch",
        "line": 45,
        "loc": {
          "start": { "line": 45, "column": 32 },
          "end": { "line": 45, "column": 44 }
        },
        "locations": [
          {
            "start": { "line": 45, "column": 32 },
            "end": { "line": 45, "column": 44 }
          }
        ]
      },
      "16": {
        "type": "branch",
        "line": 45,
        "loc": {
          "start": { "line": 45, "column": 36 },
          "end": { "line": 45, "column": 54 }
        },
        "locations": [
          {
            "start": { "line": 45, "column": 36 },
            "end": { "line": 45, "column": 54 }
          }
        ]
      },
      "17": {
        "type": "branch",
        "line": 60,
        "loc": {
          "start": { "line": 60, "column": 55 },
          "end": { "line": 63, "column": 4 }
        },
        "locations": [
          {
            "start": { "line": 60, "column": 55 },
            "end": { "line": 63, "column": 4 }
          }
        ]
      }
    },
    "b": {
      "0": [8],
      "1": [1],
      "2": [1],
      "3": [1],
      "4": [2],
      "5": [23],
      "6": [1],
      "7": [22],
      "8": [23],
      "9": [3],
      "10": [20],
      "11": [23],
      "12": [5],
      "13": [18],
      "14": [23],
      "15": [11],
      "16": [12],
      "17": [1]
    },
    "fnMap": {
      "0": {
        "name": "OrderDetailsForm",
        "decl": {
          "start": { "line": 24, "column": 7 },
          "end": { "line": 111, "column": 1 }
        },
        "loc": {
          "start": { "line": 24, "column": 7 },
          "end": { "line": 111, "column": 1 }
        },
        "line": 24
      },
      "1": {
        "name": "onSubmit",
        "decl": {
          "start": { "line": 60, "column": 55 },
          "end": { "line": 63, "column": 4 }
        },
        "loc": {
          "start": { "line": 60, "column": 55 },
          "end": { "line": 63, "column": 4 }
        },
        "line": 60
      }
    },
    "f": { "0": 8, "1": 1 }
  },
  "/Users/duytran/CareerProject/Wolt/delivery-fee-calculator/src/components/OrderDetailsForm/index.ts": {
    "path": "/Users/duytran/CareerProject/Wolt/delivery-fee-calculator/src/components/OrderDetailsForm/index.ts",
    "all": false,
    "statementMap": {
      "0": {
        "start": { "line": 1, "column": 0 },
        "end": { "line": 1, "column": 54 }
      }
    },
    "s": { "0": 1 },
    "branchMap": {},
    "b": {},
    "fnMap": {},
    "f": {}
  },
  "/Users/duytran/CareerProject/Wolt/delivery-fee-calculator/src/utils/deliveryFeeCaculator.ts": {
    "path": "/Users/duytran/CareerProject/Wolt/delivery-fee-calculator/src/utils/deliveryFeeCaculator.ts",
    "all": false,
    "statementMap": {
      "0": {
        "start": { "line": 1, "column": 0 },
        "end": { "line": 1, "column": 86 }
      },
      "1": {
        "start": { "line": 2, "column": 0 },
        "end": { "line": 2, "column": 0 }
      },
      "2": {
        "start": { "line": 3, "column": 0 },
        "end": { "line": 3, "column": 36 }
      },
      "3": {
        "start": { "line": 4, "column": 0 },
        "end": { "line": 4, "column": 0 }
      },
      "4": {
        "start": { "line": 5, "column": 0 },
        "end": { "line": 5, "column": 30 }
      },
      "5": {
        "start": { "line": 6, "column": 0 },
        "end": { "line": 6, "column": 18 }
      },
      "6": {
        "start": { "line": 7, "column": 0 },
        "end": { "line": 7, "column": 72 }
      },
      "7": {
        "start": { "line": 8, "column": 0 },
        "end": { "line": 8, "column": 2 }
      },
      "8": {
        "start": { "line": 9, "column": 0 },
        "end": { "line": 9, "column": 0 }
      },
      "9": {
        "start": { "line": 10, "column": 0 },
        "end": { "line": 10, "column": 29 }
      },
      "10": {
        "start": { "line": 11, "column": 0 },
        "end": { "line": 11, "column": 18 }
      },
      "11": {
        "start": { "line": 12, "column": 0 },
        "end": { "line": 12, "column": 60 }
      },
      "12": {
        "start": { "line": 13, "column": 0 },
        "end": { "line": 13, "column": 2 }
      },
      "13": {
        "start": { "line": 14, "column": 0 },
        "end": { "line": 14, "column": 0 }
      },
      "14": {
        "start": { "line": 15, "column": 0 },
        "end": { "line": 15, "column": 25 }
      },
      "15": {
        "start": { "line": 16, "column": 0 },
        "end": { "line": 16, "column": 18 }
      },
      "16": {
        "start": { "line": 17, "column": 0 },
        "end": { "line": 17, "column": 35 }
      },
      "17": {
        "start": { "line": 18, "column": 0 },
        "end": { "line": 18, "column": 38 }
      },
      "18": {
        "start": { "line": 19, "column": 0 },
        "end": { "line": 19, "column": 22 }
      },
      "19": {
        "start": { "line": 20, "column": 0 },
        "end": { "line": 20, "column": 14 }
      },
      "20": {
        "start": { "line": 21, "column": 0 },
        "end": { "line": 21, "column": 2 }
      },
      "21": {
        "start": { "line": 22, "column": 0 },
        "end": { "line": 22, "column": 0 }
      },
      "22": {
        "start": { "line": 23, "column": 0 },
        "end": { "line": 23, "column": 39 }
      },
      "23": {
        "start": { "line": 24, "column": 0 },
        "end": { "line": 24, "column": 22 }
      },
      "24": {
        "start": { "line": 25, "column": 0 },
        "end": { "line": 25, "column": 19 }
      },
      "25": {
        "start": { "line": 26, "column": 0 },
        "end": { "line": 26, "column": 20 }
      },
      "26": {
        "start": { "line": 27, "column": 0 },
        "end": { "line": 27, "column": 19 }
      },
      "27": {
        "start": { "line": 28, "column": 0 },
        "end": { "line": 28, "column": 6 }
      },
      "28": {
        "start": { "line": 29, "column": 0 },
        "end": { "line": 29, "column": 2 }
      },
      "29": {
        "start": { "line": 30, "column": 0 },
        "end": { "line": 30, "column": 0 }
      },
      "30": {
        "start": { "line": 31, "column": 0 },
        "end": { "line": 31, "column": 53 }
      },
      "31": {
        "start": { "line": 32, "column": 0 },
        "end": { "line": 32, "column": 3 }
      },
      "32": {
        "start": { "line": 33, "column": 0 },
        "end": { "line": 33, "column": 12 }
      },
      "33": {
        "start": { "line": 34, "column": 0 },
        "end": { "line": 34, "column": 124 }
      },
      "34": {
        "start": { "line": 35, "column": 0 },
        "end": { "line": 35, "column": 48 }
      },
      "35": {
        "start": { "line": 36, "column": 0 },
        "end": { "line": 36, "column": 45 }
      },
      "36": {
        "start": { "line": 37, "column": 0 },
[...]
      "94": {
        "start": { "line": 95, "column": 0 },
        "end": { "line": 95, "column": 3 }
      },
      "95": {
        "start": { "line": 96, "column": 0 },
        "end": { "line": 96, "column": 12 }
      },
      "96": {
        "start": { "line": 97, "column": 0 },
        "end": { "line": 97, "column": 98 }
      },
      "97": {
        "start": { "line": 98, "column": 0 },
        "end": { "line": 98, "column": 67 }
      },
      "98": {
        "start": { "line": 99, "column": 0 },
        "end": { "line": 99, "column": 34 }
      },
      "99": {
        "start": { "line": 100, "column": 0 },
        "end": { "line": 100, "column": 47 }
      },
      "100": {
        "start": { "line": 101, "column": 0 },
        "end": { "line": 101, "column": 48 }
      },
      "101": {
        "start": { "line": 102, "column": 0 },
        "end": { "line": 102, "column": 79 }
      },
      "102": {
        "start": { "line": 103, "column": 0 },
        "end": { "line": 103, "column": 0 }
      },
      "103": {
        "start": { "line": 104, "column": 0 },
        "end": { "line": 104, "column": 41 }
      },
      "104": {
        "start": { "line": 105, "column": 0 },
        "end": { "line": 105, "column": 10 }
      },
      "105": {
        "start": { "line": 106, "column": 0 },
        "end": { "line": 106, "column": 41 }
      },
      "106": {
        "start": { "line": 107, "column": 0 },
        "end": { "line": 107, "column": 48 }
      },
      "107": {
        "start": { "line": 108, "column": 0 },
        "end": { "line": 108, "column": 45 }
      },
      "108": {
        "start": { "line": 109, "column": 0 },
        "end": { "line": 109, "column": 9 }
      },
      "109": {
        "start": { "line": 110, "column": 0 },
        "end": { "line": 110, "column": 53 }
      },
      "110": {
        "start": { "line": 111, "column": 0 },
        "end": { "line": 111, "column": 71 }
      },
      "111": {
        "start": { "line": 112, "column": 0 },
        "end": { "line": 112, "column": 7 }
      },
      "112": {
        "start": { "line": 113, "column": 0 },
        "end": { "line": 113, "column": 0 }
      },
      "113": {
        "start": { "line": 114, "column": 0 },
        "end": { "line": 114, "column": 15 }
      },
      "114": {
        "start": { "line": 115, "column": 0 },
        "end": { "line": 115, "column": 6 }
      },
      "115": {
        "start": { "line": 116, "column": 0 },
        "end": { "line": 116, "column": 4 }
      },
      "116": {
        "start": { "line": 117, "column": 0 },
        "end": { "line": 117, "column": 2 }
      },
      "117": {
        "start": { "line": 118, "column": 0 },
        "end": { "line": 118, "column": 0 }
      },
      "118": {
        "start": { "line": 119, "column": 0 },
        "end": { "line": 119, "column": 37 }
      },
      "119": {
        "start": { "line": 120, "column": 0 },
        "end": { "line": 120, "column": 35 }
      },
      "120": {
        "start": { "line": 121, "column": 0 },
        "end": { "line": 121, "column": 28 }
      },
      "121": {
        "start": { "line": 122, "column": 0 },
        "end": { "line": 122, "column": 56 }
      },
      "122": {
        "start": { "line": 123, "column": 0 },
        "end": { "line": 123, "column": 19 }
      },
      "123": {
        "start": { "line": 124, "column": 0 },
        "end": { "line": 124, "column": 23 }
      },
      "124": {
        "start": { "line": 125, "column": 0 },
        "end": { "line": 125, "column": 4 }
      },
      "125": {
        "start": { "line": 126, "column": 0 },
        "end": { "line": 126, "column": 0 }
      },
      "126": {
        "start": { "line": 127, "column": 0 },
        "end": { "line": 127, "column": 41 }
      },
      "127": {
        "start": { "line": 128, "column": 0 },
        "end": { "line": 128, "column": 39 }
      },
      "128": {
        "start": { "line": 129, "column": 0 },
        "end": { "line": 129, "column": 47 }
      },
      "129": {
        "start": { "line": 130, "column": 0 },
        "end": { "line": 130, "column": 30 }
      },
      "130": {
        "start": { "line": 131, "column": 0 },
        "end": { "line": 131, "column": 23 }
      },
      "131": {
        "start": { "line": 132, "column": 0 },
        "end": { "line": 132, "column": 9 }
      },
      "132": {
        "start": { "line": 133, "column": 0 },
        "end": { "line": 133, "column": 0 }
      },
      "133": {
        "start": { "line": 134, "column": 0 },
        "end": { "line": 134, "column": 69 }
      },
      "134": {
        "start": { "line": 135, "column": 0 },
        "end": { "line": 135, "column": 33 }
      },
      "135": {
        "start": { "line": 136, "column": 0 },
        "end": { "line": 136, "column": 5 }
      },
      "136": {
        "start": { "line": 137, "column": 0 },
        "end": { "line": 137, "column": 3 }
      },
      "137": {
        "start": { "line": 138, "column": 0 },
        "end": { "line": 138, "column": 0 }
      },
      "138": {
        "start": { "line": 139, "column": 0 },
        "end": { "line": 139, "column": 42 }
      },
      "139": {
        "start": { "line": 140, "column": 0 },
        "end": { "line": 140, "column": 65 }
      },
      "140": {
        "start": { "line": 141, "column": 0 },
        "end": { "line": 141, "column": 58 }
      },
      "141": {
        "start": { "line": 142, "column": 0 },
        "end": { "line": 142, "column": 14 }
      },
      "142": {
        "start": { "line": 143, "column": 0 },
        "end": { "line": 143, "column": 45 }
      },
      "143": {
        "start": { "line": 144, "column": 0 },
        "end": { "line": 144, "column": 47 }
      },
      "144": {
        "start": { "line": 145, "column": 0 },
        "end": { "line": 145, "column": 30 }
      },
      "145": {
        "start": { "line": 146, "column": 0 },
        "end": { "line": 146, "column": 37 }
      },
      "146": {
        "start": { "line": 147, "column": 0 },
        "end": { "line": 147, "column": 9 }
      },
      "147": {
        "start": { "line": 148, "column": 0 },
        "end": { "line": 148, "column": 5 }
      },
      "148": {
        "start": { "line": 149, "column": 0 },
        "end": { "line": 149, "column": 3 }
      },
      "149": {
        "start": { "line": 150, "column": 0 },
        "end": { "line": 150, "column": 0 }
      },
      "150": {
        "start": { "line": 151, "column": 0 },
        "end": { "line": 151, "column": 37 }
      },
      "151": {
        "start": { "line": 152, "column": 0 },
        "end": { "line": 152, "column": 91 }
      },
      "152": {
        "start": { "line": 153, "column": 0 },
        "end": { "line": 153, "column": 52 }
      },
      "153": {
        "start": { "line": 154, "column": 0 },
        "end": { "line": 154, "column": 19 }
      },
      "154": {
        "start": { "line": 155, "column": 0 },
        "end": { "line": 155, "column": 37 }
      },
      "155": {
        "start": { "line": 156, "column": 0 },
        "end": { "line": 156, "column": 6 }
      },
      "156": {
        "start": { "line": 157, "column": 0 },
        "end": { "line": 157, "column": 14 }
      },
      "157": {
        "start": { "line": 158, "column": 0 },
        "end": { "line": 158, "column": 45 }
      },
      "158": {
        "start": { "line": 159, "column": 0 },
        "end": { "line": 159, "column": 47 }
      },
      "159": {
        "start": { "line": 160, "column": 0 },
        "end": { "line": 160, "column": 30 }
      },
      "160": {
        "start": { "line": 161, "column": 0 },
        "end": { "line": 161, "column": 37 }
      },
      "161": {
        "start": { "line": 162, "column": 0 },
        "end": { "line": 162, "column": 9 }
      },
      "162": {
        "start": { "line": 163, "column": 0 },
        "end": { "line": 163, "column": 5 }
      },
      "163": {
        "start": { "line": 164, "column": 0 },
        "end": { "line": 164, "column": 3 }
      },
      "164": {
        "start": { "line": 165, "column": 0 },
        "end": { "line": 165, "column": 0 }
      },
      "165": {
        "start": { "line": 166, "column": 0 },
        "end": { "line": 166, "column": 59 }
      },
      "166": {
        "start": { "line": 167, "column": 0 },
        "end": { "line": 167, "column": 55 }
      },
      "167": {
        "start": { "line": 168, "column": 0 },
        "end": { "line": 168, "column": 45 }
      },
      "168": {
        "start": { "line": 169, "column": 0 },
        "end": { "line": 169, "column": 46 }
      },
      "169": {
        "start": { "line": 170, "column": 0 },
        "end": { "line": 170, "column": 17 }
      },
      "170": {
        "start": { "line": 171, "column": 0 },
        "end": { "line": 171, "column": 7 }
      },
      "171": {
        "start": { "line": 172, "column": 0 },
        "end": { "line": 172, "column": 3 }
      },
      "172": {
        "start": { "line": 173, "column": 0 },
        "end": { "line": 173, "column": 0 }
      },
      "173": {
        "start": { "line": 174, "column": 0 },
        "end": { "line": 174, "column": 29 }
      },
      "174": {
        "start": { "line": 175, "column": 0 },
        "end": { "line": 175, "column": 1 }
      }
    },
    "s": {
      "0": 1,
      "1": 1,
      "2": 1,
      "3": 1,
      "4": 1,
      "5": 1,
      "6": 1,
      "7": 1,
      "8": 1,
      "9": 1,
      "10": 1,
      "11": 1,
      "12": 1,
      "13": 1,
      "14": 1,
      "15": 1,
      "16": 1,
      "17": 1,
      "18": 1,
      "19": 1,
      "20": 1,
      "21": 1,
      "22": 1,
      "23": 1,
      "24": 1,
      "25": 1,
      "26": 1,
      "27": 1,
      "28": 1,
      "29": 1,
      "30": 1,
      "31": 1,
      "32": 1,
      "33": 1,
      "34": 1,
      "35": 1,
      "36": 1,
      "37": 1,
      "38": 1,
      "39": 1,
      "40": 1,
      "41": 1,
      "42": 1,
      "43": 1,
      "44": 1,
      "45": 1,
      "46": 1,
      "47": 1,
      "48": 1,
      "49": 1,
      "50": 1,
      "51": 1,
      "52": 1,
      "53": 1,
      "54": 1,
      "55": 1,
      "56": 1,
      "57": 1,
      "58": 1,
      "59": 1,
      "60": 1,
      "61": 1,
      "62": 1,
      "63": 1,
      "64": 1,
      "65": 1,
      "66": 1,
      "67": 1,
      "68": 1,
      "69": 1,
      "70": 0,
      "71": 0,
      "72": 1,
      "73": 1,
      "74": 0,
      "75": 0,
      "76": 1,
      "77": 1,
      "78": 1,
      "79": 1,
      "80": 1,
      "81": 1,
      "82": 1,
      "83": 1,
      "84": 1,
      "85": 1,
      "86": 1,
      "87": 1,
      "88": 1,
      "89": 1,
      "90": 1,
      "91": 1,
      "92": 1,
      "93": 1,
      "94": 1,
      "95": 1,
      "96": 1,
      "97": 1,
      "98": 1,
      "99": 1,
      "100": 1,
      "101": 1,
      "102": 1,
      "103": 1,
      "104": 1,
      "105": 1,
      "106": 0,
      "107": 0,
      "108": 1,
      "109": 0,
      "110": 0,
      "111": 0,
      "112": 1,
      "113": 1,
      "114": 1,
      "115": 1,
      "116": 1,
      "117": 1,
      "118": 1,
      "119": 1,
      "120": 1,
      "121": 1,
      "122": 1,
      "123": 1,
      "124": 1,
      "125": 1,
      "126": 1,
      "127": 1,
      "128": 0,
      "129": 0,
      "130": 0,
      "131": 0,
      "132": 0,
      "133": 0,
      "134": 0,
      "135": 0,
      "136": 1,
      "137": 1,
      "138": 1,
      "139": 3,
      "140": 3,
      "141": 3,
      "142": 1,
      "143": 1,
      "144": 1,
      "145": 1,
      "146": 1,
      "147": 1,
      "148": 3,
      "149": 1,
      "150": 1,
      "151": 1,
      "152": 1,
      "153": 1,
      "154": 1,
      "155": 1,
      "156": 1,
      "157": 0,
      "158": 0,
      "159": 0,
      "160": 0,
      "161": 0,
      "162": 0,
      "163": 1,
      "164": 1,
      "165": 1,
      "166": 0,
      "167": 0,
      "168": 0,
      "169": 0,
      "170": 0,
      "171": 0,
      "172": 1,
      "173": 1,
      "174": 1
    },
    "branchMap": {
      "0": {
        "type": "branch",
        "line": 35,
        "loc": {
          "start": { "line": 35, "column": 28 },
          "end": { "line": 39, "column": 6 }
        },
        "locations": [
          {
            "start": { "line": 35, "column": 28 },
            "end": { "line": 39, "column": 6 }
          }
        ]
      },
      "1": {
        "type": "branch",
        "line": 44,
        "loc": {
          "start": { "line": 44, "column": 28 },
          "end": { "line": 57, "column": 6 }
        },
        "locations": [
          {
            "start": { "line": 44, "column": 28 },
            "end": { "line": 57, "column": 6 }
          }
        ]
      },
      "2": {
        "type": "branch",
        "line": 62,
        "loc": {
          "start": { "line": 62, "column": 28 },
          "end": { "line": 79, "column": 6 }
        },
        "locations": [
          {
            "start": { "line": 62, "column": 28 },
            "end": { "line": 79, "column": 6 }
          }
        ]
      },
      "3": {
        "type": "branch",
        "line": 70,
        "loc": {
          "start": { "line": 70, "column": 37 },
          "end": { "line": 72, "column": 7 }
        },
        "locations": [
          {
            "start": { "line": 70, "column": 37 },
            "end": { "line": 72, "column": 7 }
          }
        ]
      },
      "4": {
        "type": "branch",
        "line": 74,
        "loc": {
          "start": { "line": 74, "column": 41 },
          "end": { "line": 76, "column": 7 }
        },
        "locations": [
          {
            "start": { "line": 74, "column": 41 },
            "end": { "line": 76, "column": 7 }
          }
        ]
      },
      "5": {
        "type": "branch",
        "line": 86,
        "loc": {
          "start": { "line": 86, "column": 15 },
          "end": { "line": 90, "column": 6 }
        },
        "locations": [
          {
            "start": { "line": 86, "column": 15 },
            "end": { "line": 90, "column": 6 }
          }
        ]
      },
      "6": {
        "type": "branch",
        "line": 98,
        "loc": {
          "start": { "line": 98, "column": 36 },
          "end": { "line": 115, "column": 6 }
        },
        "locations": [
          {
            "start": { "line": 98, "column": 36 },
            "end": { "line": 115, "column": 6 }
          }
        ]
      },
      "7": {
        "type": "branch",
        "line": 106,
        "loc": {
          "start": { "line": 106, "column": 31 },
          "end": { "line": 107, "column": 48 }
        },
        "locations": [
          {
            "start": { "line": 106, "column": 31 },
            "end": { "line": 107, "column": 48 }
          }
        ]
      },
      "8": {
        "type": "branch",
        "line": 107,
        "loc": {
          "start": { "line": 107, "column": 32 },
          "end": { "line": 108, "column": 45 }
        },
        "locations": [
          {
            "start": { "line": 107, "column": 32 },
            "end": { "line": 108, "column": 45 }
          }
        ]
      },
      "9": {
        "type": "branch",
        "line": 109,
        "loc": {
          "start": { "line": 109, "column": 8 },
          "end": { "line": 112, "column": 7 }
        },
        "locations": [
          {
            "start": { "line": 109, "column": 8 },
            "end": { "line": 112, "column": 7 }
          }
        ]
      },
      "10": {
        "type": "branch",
        "line": 119,
        "loc": {
          "start": { "line": 119, "column": 7 },
          "end": { "line": 175, "column": 1 }
        },
        "locations": [
          {
            "start": { "line": 119, "column": 7 },
            "end": { "line": 175, "column": 1 }
          }
        ]
      },
      "11": {
        "type": "branch",
        "line": 128,
        "loc": {
          "start": { "line": 128, "column": 38 },
          "end": { "line": 136, "column": 5 }
        },
        "locations": [
          {
            "start": { "line": 128, "column": 38 },
            "end": { "line": 136, "column": 5 }
          }
        ]
      },
      "12": {
        "type": "branch",
        "line": 139,
        "loc": {
          "start": { "line": 139, "column": 41 },
          "end": { "line": 149, "column": 3 }
        },
        "locations": [
          {
            "start": { "line": 139, "column": 41 },
            "end": { "line": 149, "column": 3 }
          }
        ]
      },
      "13": {
        "type": "branch",
        "line": 142,
        "loc": {
          "start": { "line": 142, "column": 13 },
          "end": { "line": 148, "column": 5 }
        },
        "locations": [
          {
            "start": { "line": 142, "column": 13 },
            "end": { "line": 148, "column": 5 }
          }
        ]
      },
      "14": {
        "type": "branch",
        "line": 157,
        "loc": {
          "start": { "line": 157, "column": 13 },
          "end": { "line": 163, "column": 5 }
        },
        "locations": [
          {
            "start": { "line": 157, "column": 13 },
            "end": { "line": 163, "column": 5 }
          }
        ]
      },
      "15": {
        "type": "branch",
        "line": 166,
        "loc": {
          "start": { "line": 166, "column": 58 },
          "end": { "line": 172, "column": 3 }
        },
        "locations": [
          {
            "start": { "line": 166, "column": 58 },
            "end": { "line": 172, "column": 3 }
          }
        ]
      }
    },
    "b": {
      "0": [1],
      "1": [1],
      "2": [1],
      "3": [0],
      "4": [0],
      "5": [1],
      "6": [1],
      "7": [0],
      "8": [0],
      "9": [0],
      "10": [1],
      "11": [0],
      "12": [3],
      "13": [1],
      "14": [0],
      "15": [0]
    },
    "fnMap": {
      "0": {
        "name": "calculateAdditionalFee",
        "decl": {
          "start": { "line": 35, "column": 28 },
          "end": { "line": 39, "column": 6 }
        },
        "loc": {
          "start": { "line": 35, "column": 28 },
          "end": { "line": 39, "column": 6 }
        },
        "line": 35
      },
      "1": {
        "name": "calculateAdditionalFee",
        "decl": {
          "start": { "line": 44, "column": 28 },
          "end": { "line": 57, "column": 6 }
        },
        "loc": {
          "start": { "line": 44, "column": 28 },
          "end": { "line": 57, "column": 6 }
        },
        "line": 44
      },
      "2": {
        "name": "calculateAdditionalFee",
        "decl": {
          "start": { "line": 62, "column": 28 },
          "end": { "line": 79, "column": 6 }
        },
        "loc": {
          "start": { "line": 62, "column": 28 },
          "end": { "line": 79, "column": 6 }
        },
        "line": 62
      },
      "3": {
        "name": "condition",
        "decl": {
          "start": { "line": 86, "column": 15 },
          "end": { "line": 90, "column": 6 }
        },
        "loc": {
          "start": { "line": 86, "column": 15 },
          "end": { "line": 90, "column": 6 }
        },
        "line": 86
      },
      "4": {
        "name": "calculateFeeBasedAdditionalFee",
        "decl": {
          "start": { "line": 98, "column": 36 },
          "end": { "line": 115, "column": 6 }
        },
        "loc": {
          "start": { "line": 98, "column": 36 },
          "end": { "line": 115, "column": 6 }
        },
        "line": 98
      },
      "5": {
        "name": "deliveryFeeCaculator",
        "decl": {
          "start": { "line": 119, "column": 7 },
          "end": { "line": 175, "column": 1 }
        },
        "loc": {
          "start": { "line": 119, "column": 7 },
          "end": { "line": 175, "column": 1 }
        },
        "line": 119
      }
    },
    "f": { "0": 1, "1": 1, "2": 1, "3": 1, "4": 1, "5": 1 }
  }
}
