{"/Users/duytran/CareerProject/Wolt/delivery-fee-calculator/src/components/Button/Button.tsx": {"path":"/Users/duytran/CareerProject/Wolt/delivery-fee-calculator/src/components/Button/Button.tsx","statementMap":{"0":{"start":{"line":2,"column":0},"end":{"line":2,"column":41}},"1":{"start":{"line":7,"column":2},"end":{"line":15,"column":4}},"2":{"start":{"line":6,"column":0},"end":{"line":6,"column":16}}},"fnMap":{"0":{"name":"Button","decl":{"start":{"line":6,"column":16},"end":{"line":6,"column":22}},"loc":{"start":{"line":6,"column":59},"end":{"line":16,"column":1}}}},"branchMap":{},"s":{"0":1,"1":4,"2":1},"f":{"0":4},"b":{}}
,"/Users/duytran/CareerProject/Wolt/delivery-fee-calculator/src/components/Button/index.ts": {"path":"/Users/duytran/CareerProject/Wolt/delivery-fee-calculator/src/components/Button/index.ts","statementMap":{"0":{"start":{"line":1,"column":0},"end":{"line":1,"column":9}},"1":{"start":{"line":1,"column":9},"end":{"line":1,"column":34}}},"fnMap":{"0":{"name":"(anonymous_0)","decl":{"start":{"line":1,"column":9},"end":{"line":1,"column":15}},"loc":{"start":{"line":1,"column":9},"end":{"line":1,"column":34}}}},"branchMap":{},"s":{"0":1,"1":5},"f":{"0":4},"b":{}}
,"/Users/duytran/CareerProject/Wolt/delivery-fee-calculator/src/components/Card/Card.tsx": {"path":"/Users/duytran/CareerProject/Wolt/delivery-fee-calculator/src/components/Card/Card.tsx","statementMap":{"0":{"start":{"line":2,"column":0},"end":{"line":2,"column":41}},"1":{"start":{"line":6,"column":2},"end":{"line":12,"column":4}},"2":{"start":{"line":5,"column":0},"end":{"line":5,"column":16}}},"fnMap":{"0":{"name":"Card","decl":{"start":{"line":5,"column":16},"end":{"line":5,"column":20}},"loc":{"start":{"line":5,"column":55},"end":{"line":13,"column":1}}}},"branchMap":{},"s":{"0":2,"1":11,"2":2},"f":{"0":11},"b":{}}
,"/Users/duytran/CareerProject/Wolt/delivery-fee-calculator/src/components/Card/index.ts": {"path":"/Users/duytran/CareerProject/Wolt/delivery-fee-calculator/src/components/Card/index.ts","statementMap":{"0":{"start":{"line":1,"column":0},"end":{"line":1,"column":9}},"1":{"start":{"line":1,"column":9},"end":{"line":1,"column":30}}},"fnMap":{"0":{"name":"(anonymous_0)","decl":{"start":{"line":1,"column":9},"end":{"line":1,"column":13}},"loc":{"start":{"line":1,"column":9},"end":{"line":1,"column":30}}}},"branchMap":{},"s":{"0":1,"1":8},"f":{"0":7},"b":{}}
,"/Users/duytran/CareerProject/Wolt/delivery-fee-calculator/src/components/FeeResult/FeeResult.tsx": {"path":"/Users/duytran/CareerProject/Wolt/delivery-fee-calculator/src/components/FeeResult/FeeResult.tsx","statementMap":{"0":{"start":{"line":2,"column":0},"end":{"line":2,"column":31}},"1":{"start":{"line":3,"column":0},"end":{"line":3,"column":45}},"2":{"start":{"line":6,"column":13},"end":{"line":7,"column":61}},"3":{"start":{"line":15,"column":2},"end":{"line":65,"column":4}},"4":{"start":{"line":50,"column":20},"end":{"line":50,"column":33}},"5":{"start":{"line":14,"column":0},"end":{"line":14,"column":16}},"6":{"start":{"line":69,"column":2},"end":{"line":80,"column":null}}},"fnMap":{"0":{"name":"FeeResult","decl":{"start":{"line":14,"column":16},"end":{"line":14,"column":25}},"loc":{"start":{"line":14,"column":66},"end":{"line":66,"column":1}}},"1":{"name":"(anonymous_1)","decl":{"start":{"line":49,"column":45},"end":{"line":49,"column":46}},"loc":{"start":{"line":50,"column":20},"end":{"line":50,"column":33}}}},"branchMap":{"0":{"loc":{"start":{"line":18,"column":7},"end":{"line":62,"column":null}},"type":"cond-expr","locations":[{"start":{"line":19,"column":8},"end":{"line":57,"column":null}},{"start":{"line":60,"column":8},"end":{"line":61,"column":null}}]},"1":{"loc":{"start":{"line":18,"column":7},"end":{"line":18,"column":29}},"type":"binary-expr","locations":[{"start":{"line":18,"column":7},"end":{"line":18,"column":13}},{"start":{"line":18,"column":17},"end":{"line":18,"column":29}}]}},"s":{"0":1,"1":1,"2":1,"3":7,"4":10,"5":1,"6":1},"f":{"0":7,"1":10},"b":{"0":[5,2],"1":[7,5]}}
,"/Users/duytran/CareerProject/Wolt/delivery-fee-calculator/src/components/InfoTooltip/InfoTooltip.tsx": {"path":"/Users/duytran/CareerProject/Wolt/delivery-fee-calculator/src/components/InfoTooltip/InfoTooltip.tsx","statementMap":{"0":{"start":{"line":2,"column":0},"end":{"line":2,"column":41}},"1":{"start":{"line":14,"column":2},"end":{"line":33,"column":4}},"2":{"start":{"line":8,"column":0},"end":{"line":8,"column":16}}},"fnMap":{"0":{"name":"InfoTooltip","decl":{"start":{"line":8,"column":16},"end":{"line":8,"column":27}},"loc":{"start":{"line":13,"column":19},"end":{"line":34,"column":1}}}},"branchMap":{},"s":{"0":2,"1":11,"2":2},"f":{"0":11},"b":{}}
,"/Users/duytran/CareerProject/Wolt/delivery-fee-calculator/src/components/InfoTooltip/index.ts": {"path":"/Users/duytran/CareerProject/Wolt/delivery-fee-calculator/src/components/InfoTooltip/index.ts","statementMap":{"0":{"start":{"line":1,"column":0},"end":{"line":1,"column":9}},"1":{"start":{"line":1,"column":9},"end":{"line":1,"column":44}}},"fnMap":{"0":{"name":"(anonymous_0)","decl":{"start":{"line":1,"column":9},"end":{"line":1,"column":20}},"loc":{"start":{"line":1,"column":9},"end":{"line":1,"column":44}}}},"branchMap":{},"s":{"0":2,"1":13},"f":{"0":11},"b":{}}
}
