TN:
SF:src/components/Button/Button.tsx
FN:6,Button
FNF:1
FNH:1
FNDA:4,Button
DA:2,1
DA:6,1
DA:7,4
LF:3
LH:3
BRF:0
BRH:0
end_of_record
TN:
SF:src/components/Button/index.ts
FN:1,(anonymous_0)
FNF:1
FNH:1
FNDA:4,(anonymous_0)
DA:1,5
LF:1
LH:1
BRF:0
BRH:0
end_of_record
TN:
SF:src/components/Card/Card.tsx
FN:5,Card
FNF:1
FNH:1
FNDA:11,Card
DA:2,2
DA:5,2
DA:6,11
LF:3
LH:3
BRF:0
BRH:0
end_of_record
TN:
SF:src/components/Card/index.ts
FN:1,(anonymous_0)
FNF:1
FNH:1
FNDA:7,(anonymous_0)
DA:1,8
LF:1
LH:1
BRF:0
BRH:0
end_of_record
TN:
SF:src/components/FeeResult/FeeResult.tsx
FN:14,FeeResult
FN:49,(anonymous_1)
FNF:2
FNH:2
FNDA:7,FeeResult
FNDA:10,(anonymous_1)
DA:2,1
DA:3,1
DA:6,1
DA:14,1
DA:15,7
DA:50,10
DA:69,1
LF:7
LH:7
BRDA:18,0,0,5
BRDA:18,0,1,2
BRDA:18,1,0,7
BRDA:18,1,1,5
BRF:4
BRH:4
end_of_record
TN:
SF:src/components/InfoTooltip/InfoTooltip.tsx
FN:8,InfoTooltip
FNF:1
FNH:1
FNDA:11,InfoTooltip
DA:2,2
DA:8,2
DA:14,11
LF:3
LH:3
BRF:0
BRH:0
end_of_record
TN:
SF:src/components/InfoTooltip/index.ts
FN:1,(anonymous_0)
FNF:1
FNH:1
FNDA:11,(anonymous_0)
DA:1,13
LF:1
LH:1
BRF:0
BRH:0
end_of_record
